Graph Gonality Analysis Results
================================

Graph #1:
  - Vertices: 7, Edges: 6
  - Degree List: [1, 1, 1, 1, 1, 1, 6]
  - Result of results(): Tuple{Int64, Int64}[]
  - Associated graphs: String[]
----------------------------------------
Graph #2:
  - Vertices: 7, Edges: 6
  - Degree List: [2, 1, 1, 1, 1, 1, 5]
  - Result of results(): Tuple{Int64, Int64}[]
  - Associated graphs: String[]
----------------------------------------
Graph #3:
  - Vertices: 7, Edges: 7
  - Degree List: [2, 1, 1, 1, 1, 2, 6]
  - Result of results(): Tuple{Int64, Int64}[]
  - Associated graphs: String[]
----------------------------------------
Graph #4:
  - Vertices: 7, Edges: 6
  - Degree List: [2, 1, 1, 1, 1, 2, 4]
  - Result of results(): Tuple{Int64, Int64}[]
  - Associated graphs: String[]
----------------------------------------
Graph #5:
  - Vertices: 7, Edges: 6
  - Degree List: [1, 1, 1, 1, 1, 3, 4]
  - Result of results(): Tuple{Int64, Int64}[]
  - Associated graphs: String[]
----------------------------------------
Graph #6:
  - Vertices: 7, Edges: 7
  - Degree List: [2, 2, 1, 1, 1, 2, 5]
  - Result of results(): Tuple{Int64, Int64}[]
  - Associated graphs: String[]
----------------------------------------
Graph #7:
  - Vertices: 7, Edges: 7
  - Degree List: [2, 1, 1, 1, 1, 3, 5]
  - Result of results(): Tuple{Int64, Int64}[]
  - Associated graphs: String[]
----------------------------------------
Graph #8:
  - Vertices: 7, Edges: 8
  - Degree List: [2, 2, 1, 1, 1, 3, 6]
  - Result of results(): Tuple{Int64, Int64}[]
  - Associated graphs: String[]
----------------------------------------
Graph #9:
  - Vertices: 7, Edges: 6
  - Degree List: [2, 1, 1, 1, 1, 3, 3]
  - Result of results(): Tuple{Int64, Int64}[]
  - Associated graphs: String[]
----------------------------------------
Graph #10:
  - Vertices: 7, Edges: 7
  - Degree List: [2, 2, 1, 1, 1, 3, 4]
  - Result of results(): Tuple{Int64, Int64}[]
  - Associated graphs: String[]
----------------------------------------
Graph #11:
  - Vertices: 7, Edges: 7
  - Degree List: [2, 1, 1, 1, 1, 4, 4]
  - Result of results(): Tuple{Int64, Int64}[]
  - Associated graphs: String[]
----------------------------------------
Graph #12:
  - Vertices: 7, Edges: 8
  - Degree List: [2, 2, 2, 1, 1, 3, 5]
  - Result of results(): Tuple{Int64, Int64}[]
  - Associated graphs: String[]
----------------------------------------
Graph #13:
  - Vertices: 7, Edges: 8
  - Degree List: [2, 2, 1, 1, 1, 4, 5]
  - Result of results(): Tuple{Int64, Int64}[]
  - Associated graphs: String[]
----------------------------------------
Graph #14:
  - Vertices: 7, Edges: 9
  - Degree List: [2, 2, 2, 1, 1, 4, 6]
  - Result of results(): Tuple{Int64, Int64}[]
  - Associated graphs: String[]
----------------------------------------
Graph #15:
  - Vertices: 7, Edges: 8
  - Degree List: [2, 2, 2, 1, 1, 4, 4]
  - Result of results(): Tuple{Int64, Int64}[]
  - Associated graphs: String[]
----------------------------------------
Graph #16:
  - Vertices: 7, Edges: 9
  - Degree List: [2, 2, 2, 2, 1, 4, 5]
  - Result of results(): Tuple{Int64, Int64}[]
  - Associated graphs: String[]
----------------------------------------
Graph #17:
  - Vertices: 7, Edges: 9
  - Degree List: [2, 2, 2, 1, 1, 5, 5]
  - Result of results(): Tuple{Int64, Int64}[]
  - Associated graphs: String[]
----------------------------------------
Graph #18:
  - Vertices: 7, Edges: 10
  - Degree List: [2, 2, 2, 2, 1, 5, 6]
  - Result of results(): Tuple{Int64, Int64}[]
  - Associated graphs: String[]
----------------------------------------
Graph #19:
  - Vertices: 7, Edges: 10
  - Degree List: [2, 2, 2, 2, 2, 5, 5]
  - Result of results(): Tuple{Int64, Int64}[]
  - Associated graphs: String[]
----------------------------------------
Graph #20:
  - Vertices: 7, Edges: 11
  - Degree List: [2, 2, 2, 2, 2, 6, 6]
  - Result of results(): Tuple{Int64, Int64}[]
  - Associated graphs: String[]
----------------------------------------
Graph #21:
  - Vertices: 7, Edges: 6
  - Degree List: [2, 2, 1, 1, 1, 1, 4]
  - Result of results(): Tuple{Int64, Int64}[]
  - Associated graphs: String[]
----------------------------------------
Graph #22:
  - Vertices: 7, Edges: 7
  - Degree List: [2, 2, 1, 1, 2, 1, 5]
  - Result of results(): Tuple{Int64, Int64}[]
  - Associated graphs: String[]
----------------------------------------
Graph #23:
  - Vertices: 7, Edges: 8
  - Degree List: [2, 2, 1, 1, 2, 2, 6]
  - Result of results(): Tuple{Int64, Int64}[]
  - Associated graphs: String[]
----------------------------------------
Graph #24:
  - Vertices: 7, Edges: 6
  - Degree List: [2, 2, 1, 1, 1, 2, 3]
  - Result of results(): Tuple{Int64, Int64}[]
  - Associated graphs: String[]
----------------------------------------
Graph #25:
  - Vertices: 7, Edges: 7
  - Degree List: [3, 2, 1, 1, 1, 2, 4]
  - Result of results(): Tuple{Int64, Int64}[]
  - Associated graphs: String[]
----------------------------------------
Graph #26:
  - Vertices: 7, Edges: 7
  - Degree List: [3, 1, 1, 1, 2, 2, 4]
  - Result of results(): Tuple{Int64, Int64}[]
  - Associated graphs: String[]
----------------------------------------
Graph #27:
  - Vertices: 7, Edges: 7
  - Degree List: [2, 2, 1, 1, 2, 2, 4]
  - Result of results(): Tuple{Int64, Int64}[]
  - Associated graphs: String[]
----------------------------------------
Graph #28:
  - Vertices: 7, Edges: 7
  - Degree List: [3, 1, 1, 1, 1, 3, 4]
  - Result of results(): Tuple{Int64, Int64}[]
  - Associated graphs: String[]
----------------------------------------
Graph #29:
  - Vertices: 7, Edges: 8
  - Degree List: [3, 2, 1, 1, 2, 2, 5]
  - Result of results(): Tuple{Int64, Int64}[]
  - Associated graphs: String[]
----------------------------------------
Graph #30:
  - Vertices: 7, Edges: 8
  - Degree List: [3, 2, 1, 1, 1, 3, 5]
  - Result of results(): Tuple{Int64, Int64}[]
  - Associated graphs: String[]
----------------------------------------
Graph #31:
  - Vertices: 7, Edges: 9
  - Degree List: [3, 2, 1, 1, 2, 3, 6]
  - Result of results(): Tuple{Int64, Int64}[]
  - Associated graphs: String[]
----------------------------------------
Graph #32:
  - Vertices: 7, Edges: 6
  - Degree List: [2, 2, 1, 1, 1, 2, 3]
  - Result of results(): Tuple{Int64, Int64}[]
  - Associated graphs: String[]
----------------------------------------
Graph #33:
  - Vertices: 7, Edges: 6
  - Degree List: [2, 1, 1, 1, 1, 3, 3]
  - Result of results(): Tuple{Int64, Int64}[]
  - Associated graphs: String[]
----------------------------------------
Graph #34:
  - Vertices: 7, Edges: 7
  - Degree List: [2, 2, 2, 1, 1, 2, 4]
  - Result of results(): Tuple{Int64, Int64}[]
  - Associated graphs: String[]
----------------------------------------
Graph #35:
  - Vertices: 7, Edges: 7
  - Degree List: [2, 2, 1, 1, 2, 2, 4]
  - Result of results(): Tuple{Int64, Int64}[]
  - Associated graphs: String[]
----------------------------------------
Graph #36:
  - Vertices: 7, Edges: 7
  - Degree List: [2, 2, 1, 1, 1, 3, 4]
  - Result of results(): Tuple{Int64, Int64}[]
  - Associated graphs: String[]
----------------------------------------
Graph #37:
  - Vertices: 7, Edges: 7
  - Degree List: [2, 1, 1, 1, 2, 3, 4]
  - Result of results(): Tuple{Int64, Int64}[]
  - Associated graphs: String[]
----------------------------------------
Graph #38:
  - Vertices: 7, Edges: 8
  - Degree List: [2, 2, 2, 1, 2, 2, 5]
  - Result of results(): Tuple{Int64, Int64}[]
  - Associated graphs: String[]
----------------------------------------
Graph #39:
  - Vertices: 7, Edges: 8
  - Degree List: [2, 2, 2, 1, 1, 3, 5]
  - Result of results(): Tuple{Int64, Int64}[]
  - Associated graphs: String[]
----------------------------------------
Graph #40:
  - Vertices: 7, Edges: 8
  - Degree List: [2, 2, 1, 1, 2, 3, 5]
  - Result of results(): Tuple{Int64, Int64}[]
  - Associated graphs: String[]
----------------------------------------
Graph #41:
  - Vertices: 7, Edges: 9
  - Degree List: [2, 2, 2, 1, 2, 3, 6]
  - Result of results(): Tuple{Int64, Int64}[]
  - Associated graphs: String[]
----------------------------------------
Graph #42:
  - Vertices: 7, Edges: 7
  - Degree List: [3, 1, 1, 1, 2, 2, 4]
  - Result of results(): Tuple{Int64, Int64}[]
  - Associated graphs: String[]
----------------------------------------
Graph #43:
  - Vertices: 7, Edges: 8
  - Degree List: [3, 1, 1, 1, 3, 2, 5]
  - Result of results(): Tuple{Int64, Int64}[]
  - Associated graphs: String[]
----------------------------------------
Graph #44:
  - Vertices: 7, Edges: 9
  - Degree List: [3, 1, 1, 1, 3, 3, 6]
  - Result of results(): Tuple{Int64, Int64}[]
  - Associated graphs: String[]
----------------------------------------
Graph #45:
  - Vertices: 7, Edges: 7
  - Degree List: [2, 2, 1, 1, 2, 3, 3]
  - Result of results(): Tuple{Int64, Int64}[]
  - Associated graphs: String[]
----------------------------------------
Graph #46:
  - Vertices: 7, Edges: 8
  - Degree List: [3, 2, 2, 1, 1, 3, 4]
  - Result of results(): Tuple{Int64, Int64}[]
  - Associated graphs: String[]
----------------------------------------
Graph #47:
  - Vertices: 7, Edges: 8
  - Degree List: [3, 2, 1, 1, 2, 3, 4]
  - Result of results(): Tuple{Int64, Int64}[]
  - Associated graphs: String[]
----------------------------------------
Graph #48:
  - Vertices: 7, Edges: 8
  - Degree List: [2, 2, 2, 1, 2, 3, 4]
  - Result of results(): Tuple{Int64, Int64}[]
  - Associated graphs: String[]
----------------------------------------
Graph #49:
  - Vertices: 7, Edges: 8
  - Degree List: [3, 2, 1, 1, 1, 4, 4]
  - Result of results(): Tuple{Int64, Int64}[]
  - Associated graphs: String[]
----------------------------------------
Graph #50:
  - Vertices: 7, Edges: 8
  - Degree List: [3, 1, 1, 1, 2, 4, 4]
  - Result of results(): Tuple{Int64, Int64}[]
  - Associated graphs: String[]
----------------------------------------
Graph #51:
  - Vertices: 7, Edges: 8
  - Degree List: [2, 2, 1, 1, 2, 4, 4]
  - Result of results(): Tuple{Int64, Int64}[]
  - Associated graphs: String[]
----------------------------------------
Graph #52:
  - Vertices: 7, Edges: 9
  - Degree List: [3, 2, 2, 1, 2, 3, 5]
  - Result of results(): Tuple{Int64, Int64}[]
  - Associated graphs: String[]
----------------------------------------
Graph #53:
  - Vertices: 7, Edges: 9
  - Degree List: [3, 2, 2, 1, 1, 4, 5]
  - Result of results(): Tuple{Int64, Int64}[]
  - Associated graphs: String[]
----------------------------------------
Graph #54:
  - Vertices: 7, Edges: 9
  - Degree List: [3, 2, 1, 1, 2, 4, 5]
  - Result of results(): Tuple{Int64, Int64}[]
  - Associated graphs: String[]
----------------------------------------
Graph #55:
  - Vertices: 7, Edges: 9
  - Degree List: [2, 2, 2, 1, 2, 4, 5]
  - Result of results(): Tuple{Int64, Int64}[]
  - Associated graphs: String[]
----------------------------------------
Graph #56:
  - Vertices: 7, Edges: 10
  - Degree List: [3, 2, 2, 1, 2, 4, 6]
  - Result of results(): Tuple{Int64, Int64}[]
  - Associated graphs: String[]
----------------------------------------
Graph #57:
  - Vertices: 7, Edges: 7
  - Degree List: [2, 2, 2, 1, 1, 3, 3]
  - Result of results(): Tuple{Int64, Int64}[]
  - Associated graphs: String[]
----------------------------------------
Graph #58:
  - Vertices: 7, Edges: 7
  - Degree List: [2, 2, 1, 1, 2, 3, 3]
  - Result of results(): Tuple{Int64, Int64}[]
  - Associated graphs: String[]
----------------------------------------
Graph #59:
  - Vertices: 7, Edges: 8
  - Degree List: [2, 2, 2, 2, 1, 3, 4]
  - Result of results(): Tuple{Int64, Int64}[]
  - Associated graphs: String[]
----------------------------------------
Graph #60:
  - Vertices: 7, Edges: 8
  - Degree List: [2, 2, 2, 1, 2, 3, 4]
  - Result of results(): Tuple{Int64, Int64}[]
  - Associated graphs: String[]
----------------------------------------
Graph #61:
  - Vertices: 7, Edges: 8
  - Degree List: [2, 2, 2, 1, 1, 4, 4]
  - Result of results(): Tuple{Int64, Int64}[]
  - Associated graphs: String[]
----------------------------------------
Graph #62:
  - Vertices: 7, Edges: 8
  - Degree List: [2, 2, 1, 1, 2, 4, 4]
  - Result of results(): Tuple{Int64, Int64}[]
  - Associated graphs: String[]
----------------------------------------
Graph #63:
  - Vertices: 7, Edges: 9
  - Degree List: [2, 2, 2, 2, 2, 3, 5]
  - Result of results(): Tuple{Int64, Int64}[]
  - Associated graphs: String[]
----------------------------------------
Graph #64:
  - Vertices: 7, Edges: 9
  - Degree List: [2, 2, 2, 2, 1, 4, 5]
  - Result of results(): Tuple{Int64, Int64}[]
  - Associated graphs: String[]
----------------------------------------
Graph #65:
  - Vertices: 7, Edges: 9
  - Degree List: [2, 2, 2, 1, 2, 4, 5]
  - Result of results(): Tuple{Int64, Int64}[]
  - Associated graphs: String[]
----------------------------------------
Graph #66:
  - Vertices: 7, Edges: 10
  - Degree List: [2, 2, 2, 2, 2, 4, 6]
  - Result of results(): Tuple{Int64, Int64}[]
  - Associated graphs: String[]
----------------------------------------
Graph #67:
  - Vertices: 7, Edges: 8
  - Degree List: [3, 2, 1, 1, 2, 3, 4]
  - Result of results(): Tuple{Int64, Int64}[]
  - Associated graphs: String[]
----------------------------------------
Graph #68:
  - Vertices: 7, Edges: 8
  - Degree List: [3, 1, 1, 1, 3, 3, 4]
  - Result of results(): Tuple{Int64, Int64}[]
  - Associated graphs: String[]
----------------------------------------
Graph #69:
  - Vertices: 7, Edges: 9
  - Degree List: [3, 2, 1, 1, 3, 3, 5]
  - Result of results(): Tuple{Int64, Int64}[]
  - Associated graphs: String[]
----------------------------------------
Graph #70:
  - Vertices: 7, Edges: 9
  - Degree List: [3, 2, 1, 1, 2, 4, 5]
  - Result of results(): Tuple{Int64, Int64}[]
  - Associated graphs: String[]
----------------------------------------
Graph #71:
  - Vertices: 7, Edges: 9
  - Degree List: [3, 1, 1, 1, 3, 4, 5]
  - Result of results(): Tuple{Int64, Int64}[]
  - Associated graphs: String[]
----------------------------------------
Graph #72:
  - Vertices: 7, Edges: 10
  - Degree List: [3, 2, 1, 1, 3, 4, 6]
  - Result of results(): Tuple{Int64, Int64}[]
  - Associated graphs: String[]
----------------------------------------
Graph #73:
  - Vertices: 7, Edges: 9
  - Degree List: [3, 2, 2, 2, 1, 4, 4]
  - Result of results(): Tuple{Int64, Int64}[]
  - Associated graphs: String[]
----------------------------------------
Graph #74:
  - Vertices: 7, Edges: 9
  - Degree List: [3, 2, 2, 1, 2, 4, 4]
  - Result of results(): Tuple{Int64, Int64}[]
  - Associated graphs: String[]
----------------------------------------
Graph #75:
  - Vertices: 7, Edges: 9
  - Degree List: [2, 2, 2, 2, 2, 4, 4]
  - Result of results(): Tuple{Int64, Int64}[]
  - Associated graphs: String[]
----------------------------------------
Graph #76:
  - Vertices: 7, Edges: 10
  - Degree List: [3, 2, 2, 2, 2, 4, 5]
Error processing Graph #76. Invalid format.
----------------------------------------
Graph #77:
  - Vertices: 7, Edges: 10
  - Degree List: [3, 2, 2, 2, 1, 5, 5]
