Graph Gonality Analysis Results
================================

Graph #1:
  - Vertices: 6, Edges: 5
  - Degree List: [1, 1, 1, 1, 1, 5]
  - Result of results(): Tuple{Int64, Int64}[]
  - Associated graphs: String[]
----------------------------------------
Graph #2:
  - Vertices: 6, Edges: 5
  - Degree List: [2, 1, 1, 1, 1, 4]
  - Result of results(): Tuple{Int64, Int64}[]
  - Associated graphs: String[]
----------------------------------------
Graph #3:
  - Vertices: 6, Edges: 6
  - Degree List: [2, 1, 1, 1, 2, 5]
  - Result of results(): Tuple{Int64, Int64}[]
  - Associated graphs: String[]
----------------------------------------
Graph #4:
  - Vertices: 6, Edges: 5
  - Degree List: [2, 1, 1, 1, 2, 3]
  - Result of results(): Tuple{Int64, Int64}[]
  - Associated graphs: String[]
----------------------------------------
Graph #5:
  - Vertices: 6, Edges: 5
  - Degree List: [1, 1, 1, 1, 3, 3]
  - Result of results(): Tuple{Int64, Int64}[]
  - Associated graphs: String[]
----------------------------------------
Graph #6:
  - Vertices: 6, Edges: 6
  - Degree List: [2, 2, 1, 1, 2, 4]
  - Result of results(): Tuple{Int64, Int64}[]
  - Associated graphs: String[]
----------------------------------------
Graph #7:
  - Vertices: 6, Edges: 6
  - Degree List: [2, 1, 1, 1, 3, 4]
  - Result of results(): Tuple{Int64, Int64}[]
  - Associated graphs: String[]
----------------------------------------
Graph #8:
  - Vertices: 6, Edges: 7
  - Degree List: [2, 2, 1, 1, 3, 5]
  - Result of results(): Tuple{Int64, Int64}[]
  - Associated graphs: String[]
----------------------------------------
Graph #9:
  - Vertices: 6, Edges: 6
  - Degree List: [2, 2, 1, 1, 3, 3]
  - Result of results(): Tuple{Int64, Int64}[]
  - Associated graphs: String[]
----------------------------------------
Graph #10:
  - Vertices: 6, Edges: 7
  - Degree List: [2, 2, 2, 1, 3, 4]
  - Result of results(): Tuple{Int64, Int64}[]
  - Associated graphs: String[]
----------------------------------------
Graph #11:
  - Vertices: 6, Edges: 7
  - Degree List: [2, 2, 1, 1, 4, 4]
  - Result of results(): Tuple{Int64, Int64}[]
  - Associated graphs: String[]
----------------------------------------
Graph #12:
  - Vertices: 6, Edges: 8
  - Degree List: [2, 2, 2, 1, 4, 5]
  - Result of results(): Tuple{Int64, Int64}[]
  - Associated graphs: String[]
----------------------------------------
Graph #13:
  - Vertices: 6, Edges: 8
  - Degree List: [2, 2, 2, 2, 4, 4]
  - Result of results(): Tuple{Int64, Int64}[]
  - Associated graphs: String[]
----------------------------------------
Graph #14:
  - Vertices: 6, Edges: 9
  - Degree List: [2, 2, 2, 2, 5, 5]
  - Result of results(): Tuple{Int64, Int64}[]
  - Associated graphs: String[]
----------------------------------------
Graph #15:
  - Vertices: 6, Edges: 5
  - Degree List: [2, 2, 1, 1, 1, 3]
  - Result of results(): Tuple{Int64, Int64}[]
  - Associated graphs: String[]
----------------------------------------
Graph #16:
  - Vertices: 6, Edges: 6
  - Degree List: [2, 2, 1, 2, 1, 4]
  - Result of results(): Tuple{Int64, Int64}[]
  - Associated graphs: String[]
----------------------------------------
Graph #17:
  - Vertices: 6, Edges: 7
  - Degree List: [2, 2, 1, 2, 2, 5]
  - Result of results(): Tuple{Int64, Int64}[]
  - Associated graphs: String[]
----------------------------------------
Graph #18:
  - Vertices: 6, Edges: 6
  - Degree List: [3, 2, 1, 1, 2, 3]
  - Result of results(): Tuple{Int64, Int64}[]
  - Associated graphs: String[]
----------------------------------------
Graph #19:
  - Vertices: 6, Edges: 6
  - Degree List: [2, 2, 1, 2, 2, 3]
  - Result of results(): Tuple{Int64, Int64}[]
  - Associated graphs: String[]
----------------------------------------
Graph #20:
  - Vertices: 6, Edges: 6
  - Degree List: [3, 1, 1, 1, 3, 3]
  - Result of results(): Tuple{Int64, Int64}[]
  - Associated graphs: String[]
----------------------------------------
Graph #21:
  - Vertices: 6, Edges: 7
  - Degree List: [3, 2, 1, 2, 2, 4]
  - Result of results(): Tuple{Int64, Int64}[]
  - Associated graphs: String[]
----------------------------------------
Graph #22:
  - Vertices: 6, Edges: 7
  - Degree List: [3, 2, 1, 1, 3, 4]
  - Result of results(): Tuple{Int64, Int64}[]
  - Associated graphs: String[]
----------------------------------------
Graph #23:
  - Vertices: 6, Edges: 8
  - Degree List: [3, 2, 1, 2, 3, 5]
  - Result of results(): Tuple{Int64, Int64}[]
  - Associated graphs: String[]
----------------------------------------
Graph #24:
  - Vertices: 6, Edges: 5
  - Degree List: [2, 2, 1, 1, 2, 2]
  - Result of results(): Tuple{Int64, Int64}[]
  - Associated graphs: String[]
----------------------------------------
Graph #25:
  - Vertices: 6, Edges: 6
  - Degree List: [2, 2, 2, 1, 2, 3]
  - Result of results(): Tuple{Int64, Int64}[]
  - Associated graphs: String[]
----------------------------------------
Graph #26:
  - Vertices: 6, Edges: 6
  - Degree List: [2, 2, 1, 2, 2, 3]
  - Result of results(): Tuple{Int64, Int64}[]
  - Associated graphs: String[]
----------------------------------------
Graph #27:
  - Vertices: 6, Edges: 6
  - Degree List: [2, 2, 1, 1, 3, 3]
  - Result of results(): Tuple{Int64, Int64}[]
  - Associated graphs: String[]
----------------------------------------
Graph #28:
  - Vertices: 6, Edges: 6
  - Degree List: [2, 1, 1, 2, 3, 3]
  - Result of results(): Tuple{Int64, Int64}[]
  - Associated graphs: String[]
----------------------------------------
Graph #29:
  - Vertices: 6, Edges: 7
  - Degree List: [2, 2, 2, 2, 2, 4]
  - Result of results(): Tuple{Int64, Int64}[]
  - Associated graphs: String[]
----------------------------------------
Graph #30:
  - Vertices: 6, Edges: 7
  - Degree List: [2, 2, 2, 1, 3, 4]
  - Result of results(): Tuple{Int64, Int64}[]
  - Associated graphs: String[]
----------------------------------------
Graph #31:
  - Vertices: 6, Edges: 7
  - Degree List: [2, 2, 1, 2, 3, 4]
  - Result of results(): Tuple{Int64, Int64}[]
  - Associated graphs: String[]
----------------------------------------
Graph #32:
  - Vertices: 6, Edges: 8
  - Degree List: [2, 2, 2, 2, 3, 5]
  - Result of results(): Tuple{Int64, Int64}[]
  - Associated graphs: String[]
----------------------------------------
Graph #33:
  - Vertices: 6, Edges: 7
  - Degree List: [3, 1, 1, 3, 2, 4]
  - Result of results(): Tuple{Int64, Int64}[]
  - Associated graphs: String[]
----------------------------------------
Graph #34:
  - Vertices: 6, Edges: 8
  - Degree List: [3, 1, 1, 3, 3, 5]
  - Result of results(): Tuple{Int64, Int64}[]
  - Associated graphs: String[]
----------------------------------------
Graph #35:
  - Vertices: 6, Edges: 7
  - Degree List: [2, 2, 2, 2, 3, 3]
  - Result of results(): Tuple{Int64, Int64}[]
  - Associated graphs: String[]
----------------------------------------
Graph #36:
  - Vertices: 6, Edges: 8
  - Degree List: [3, 2, 2, 2, 3, 4]
  - Result of results(): Tuple{Int64, Int64}[]
  - Associated graphs: String[]
----------------------------------------
Graph #37:
  - Vertices: 6, Edges: 8
  - Degree List: [3, 2, 2, 1, 4, 4]
  - Result of results(): Tuple{Int64, Int64}[]
  - Associated graphs: String[]
----------------------------------------
Graph #38:
  - Vertices: 6, Edges: 8
  - Degree List: [3, 2, 1, 2, 4, 4]
  - Result of results(): Tuple{Int64, Int64}[]
  - Associated graphs: String[]
----------------------------------------
Graph #39:
  - Vertices: 6, Edges: 8
  - Degree List: [2, 2, 2, 2, 4, 4]
  - Result of results(): Tuple{Int64, Int64}[]
  - Associated graphs: String[]
----------------------------------------
Graph #40:
  - Vertices: 6, Edges: 9
  - Degree List: [3, 2, 2, 2, 4, 5]
  - Result of results(): Tuple{Int64, Int64}[]
  - Associated graphs: String[]
----------------------------------------
Graph #41:
  - Vertices: 6, Edges: 8
  - Degree List: [3, 2, 1, 3, 3, 4]
  - Result of results(): Tuple{Int64, Int64}[]
  - Associated graphs: String[]
----------------------------------------
Graph #42:
  - Vertices: 6, Edges: 8
  - Degree List: [3, 1, 1, 3, 4, 4]
  - Result of results(): Tuple{Int64, Int64}[]
  - Associated graphs: String[]
----------------------------------------
Graph #43:
  - Vertices: 6, Edges: 9
  - Degree List: [3, 2, 1, 3, 4, 5]
  - Result of results(): Tuple{Int64, Int64}[]
  - Associated graphs: String[]
----------------------------------------
Graph #44:
  - Vertices: 6, Edges: 9
  - Degree List: [3, 2, 2, 3, 4, 4]
  - Result of results(): Tuple{Int64, Int64}[]
  - Associated graphs: String[]
----------------------------------------
Graph #45:
  - Vertices: 6, Edges: 10
  - Degree List: [3, 2, 2, 3, 5, 5]
  - Result of results(): Tuple{Int64, Int64}[]
  - Associated graphs: String[]
----------------------------------------
Graph #46:
  - Vertices: 6, Edges: 7
  - Degree List: [3, 3, 1, 2, 2, 3]
  - Result of results(): Tuple{Int64, Int64}[]
  - Associated graphs: String[]
----------------------------------------
Graph #47:
  - Vertices: 6, Edges: 8
  - Degree List: [3, 3, 1, 3, 2, 4]
  - Result of results(): Tuple{Int64, Int64}[]
  - Associated graphs: String[]
----------------------------------------
Graph #48:
  - Vertices: 6, Edges: 9
  - Degree List: [3, 3, 1, 3, 3, 5]
  - Result of results(): Tuple{Int64, Int64}[]
  - Associated graphs: String[]
----------------------------------------
Graph #49:
  - Vertices: 6, Edges: 6
  - Degree List: [2, 2, 2, 2, 2, 2]
  - Result of results(): Tuple{Int64, Int64}[]
  - Associated graphs: String[]
----------------------------------------
Graph #50:
  - Vertices: 6, Edges: 7
  - Degree List: [3, 2, 2, 2, 2, 3]
  - Result of results(): Tuple{Int64, Int64}[]
  - Associated graphs: String[]
----------------------------------------
Graph #51:
  - Vertices: 6, Edges: 7
  - Degree List: [3, 1, 2, 3, 2, 3]
  - Result of results(): Tuple{Int64, Int64}[]
  - Associated graphs: String[]
----------------------------------------
Graph #52:
  - Vertices: 6, Edges: 7
  - Degree List: [2, 2, 2, 3, 2, 3]
  - Result of results(): Tuple{Int64, Int64}[]
  - Associated graphs: String[]
----------------------------------------
Graph #53:
  - Vertices: 6, Edges: 7
  - Degree List: [3, 1, 1, 3, 3, 3]
  - Result of results(): Tuple{Int64, Int64}[]
  - Associated graphs: String[]
----------------------------------------
Graph #54:
  - Vertices: 6, Edges: 7
  - Degree List: [2, 2, 1, 3, 3, 3]
  - Result of results(): Tuple{Int64, Int64}[]
  - Associated graphs: String[]
----------------------------------------
Graph #55:
  - Vertices: 6, Edges: 8
  - Degree List: [3, 2, 2, 3, 2, 4]
  - Result of results(): Tuple{Int64, Int64}[]
  - Associated graphs: String[]
----------------------------------------
Graph #56:
  - Vertices: 6, Edges: 8
  - Degree List: [3, 2, 1, 3, 3, 4]
  - Result of results(): Tuple{Int64, Int64}[]
  - Associated graphs: String[]
----------------------------------------
Graph #57:
  - Vertices: 6, Edges: 8
  - Degree List: [2, 2, 2, 3, 3, 4]
  - Result of results(): Tuple{Int64, Int64}[]
  - Associated graphs: String[]
----------------------------------------
Graph #58:
  - Vertices: 6, Edges: 9
  - Degree List: [3, 2, 2, 3, 3, 5]
  - Result of results(): Tuple{Int64, Int64}[]
  - Associated graphs: String[]
----------------------------------------
Graph #59:
  - Vertices: 6, Edges: 8
  - Degree List: [3, 3, 2, 2, 3, 3]
  - Result of results(): Tuple{Int64, Int64}[]
  - Associated graphs: String[]
----------------------------------------
Graph #60:
  - Vertices: 6, Edges: 8
  - Degree List: [3, 3, 1, 3, 3, 3]
  - Result of results(): Tuple{Int64, Int64}[]
  - Associated graphs: String[]
----------------------------------------
Graph #61:
  - Vertices: 6, Edges: 9
  - Degree List: [3, 3, 2, 3, 3, 4]
  - Result of results(): Tuple{Int64, Int64}[]
  - Associated graphs: String[]
----------------------------------------
Graph #62:
  - Vertices: 6, Edges: 9
  - Degree List: [3, 3, 2, 2, 4, 4]
  - Result of results(): Tuple{Int64, Int64}[]
  - Associated graphs: String[]
----------------------------------------
Graph #63:
  - Vertices: 6, Edges: 10
  - Degree List: [3, 3, 2, 3, 4, 5]
  - Result of results(): Tuple{Int64, Int64}[]
  - Associated graphs: String[]
----------------------------------------
Graph #64:
  - Vertices: 6, Edges: 9
  - Degree List: [3, 3, 1, 4, 3, 4]
  - Result of results(): Tuple{Int64, Int64}[]
  - Associated graphs: String[]
----------------------------------------
Graph #65:
  - Vertices: 6, Edges: 9
  - Degree List: [3, 2, 1, 4, 4, 4]
  - Result of results(): Tuple{Int64, Int64}[]
  - Associated graphs: String[]
----------------------------------------
Graph #66:
  - Vertices: 6, Edges: 10
  - Degree List: [3, 3, 1, 4, 4, 5]
  - Result of results(): Tuple{Int64, Int64}[]
  - Associated graphs: String[]
----------------------------------------
Graph #67:
  - Vertices: 6, Edges: 9
  - Degree List: [3, 2, 2, 4, 3, 4]
  - Result of results(): Tuple{Int64, Int64}[]
  - Associated graphs: String[]
----------------------------------------
Graph #68:
  - Vertices: 6, Edges: 9
  - Degree List: [2, 2, 2, 4, 4, 4]
  - Result of results(): Tuple{Int64, Int64}[]
  - Associated graphs: String[]
----------------------------------------
Graph #69:
  - Vertices: 6, Edges: 10
  - Degree List: [3, 2, 2, 4, 4, 5]
  - Result of results(): Tuple{Int64, Int64}[]
  - Associated graphs: String[]
----------------------------------------
Graph #70:
  - Vertices: 6, Edges: 11
  - Degree List: [3, 3, 2, 4, 5, 5]
  - Result of results(): Tuple{Int64, Int64}[]
  - Associated graphs: String[]
----------------------------------------
Graph #71:
  - Vertices: 6, Edges: 9
  - Degree List: [3, 3, 3, 3, 3, 3]
  - Result of results(): Tuple{Int64, Int64}[]
  - Associated graphs: String[]
----------------------------------------
Graph #72:
  - Vertices: 6, Edges: 10
  - Degree List: [3, 3, 3, 4, 3, 4]
  - Result of results(): Tuple{Int64, Int64}[]
  - Associated graphs: String[]
----------------------------------------
Graph #73:
  - Vertices: 6, Edges: 10
  - Degree List: [3, 3, 2, 4, 4, 4]
  - Result of results(): Tuple{Int64, Int64}[]
  - Associated graphs: String[]
----------------------------------------
Graph #74:
  - Vertices: 6, Edges: 11
  - Degree List: [3, 3, 3, 4, 4, 5]
  - Result of results(): Tuple{Int64, Int64}[]
  - Associated graphs: String[]
----------------------------------------
Graph #75:
  - Vertices: 6, Edges: 12
  - Degree List: [3, 3, 3, 5, 5, 5]
 - Genus too high: skipped.----------------------------------------
Graph #76:
  - Vertices: 6, Edges: 7
  - Degree List: [3, 2, 3, 1, 2, 3]
  - Result of results(): Tuple{Int64, Int64}[]
  - Associated graphs: String[]
----------------------------------------
Graph #77:
  - Vertices: 6, Edges: 7
  - Degree List: [3, 2, 2, 2, 2, 3]
  - Result of results(): Tuple{Int64, Int64}[]
  - Associated graphs: String[]
----------------------------------------
Graph #78:
  - Vertices: 6, Edges: 8
  - Degree List: [3, 2, 3, 2, 2, 4]
  - Result of results(): Tuple{Int64, Int64}[]
  - Associated graphs: String[]
----------------------------------------
Graph #79:
  - Vertices: 6, Edges: 8
  - Degree List: [3, 2, 3, 1, 3, 4]
  - Result of results(): Tuple{Int64, Int64}[]
  - Associated graphs: String[]
----------------------------------------
Graph #80:
  - Vertices: 6, Edges: 9
  - Degree List: [3, 2, 3, 2, 3, 5]
  - Result of results(): Tuple{Int64, Int64}[]
  - Associated graphs: String[]
----------------------------------------
Graph #81:
  - Vertices: 6, Edges: 8
  - Degree List: [3, 3, 2, 2, 3, 3]
  - Result of results(): Tuple{Int64, Int64}[]
  - Associated graphs: String[]
----------------------------------------
Graph #82:
  - Vertices: 6, Edges: 9
  - Degree List: [3, 3, 3, 2, 3, 4]
  - Result of results(): Tuple{Int64, Int64}[]
  - Associated graphs: String[]
----------------------------------------
Graph #83:
  - Vertices: 6, Edges: 9
  - Degree List: [3, 3, 3, 1, 4, 4]
  - Result of results(): Tuple{Int64, Int64}[]
  - Associated graphs: String[]
----------------------------------------
Graph #84:
  - Vertices: 6, Edges: 9
  - Degree List: [3, 3, 2, 2, 4, 4]
  - Result of results(): Tuple{Int64, Int64}[]
  - Associated graphs: String[]
----------------------------------------
Graph #85:
  - Vertices: 6, Edges: 9
  - Degree List: [3, 2, 3, 2, 4, 4]
  - Result of results(): Tuple{Int64, Int64}[]
  - Associated graphs: String[]
----------------------------------------
Graph #86:
  - Vertices: 6, Edges: 10
  - Degree List: [3, 3, 3, 2, 4, 5]
  - Result of results(): Tuple{Int64, Int64}[]
  - Associated graphs: String[]
----------------------------------------
Graph #87:
  - Vertices: 6, Edges: 10
  - Degree List: [3, 3, 3, 3, 4, 4]
  - Result of results(): Tuple{Int64, Int64}[]
  - Associated graphs: String[]
----------------------------------------
Graph #88:
  - Vertices: 6, Edges: 11
  - Degree List: [3, 3, 3, 3, 5, 5]
  - Result of results(): Tuple{Int64, Int64}[]
  - Associated graphs: String[]
----------------------------------------
Graph #89:
  - Vertices: 6, Edges: 8
  - Degree List: [3, 3, 3, 2, 2, 3]
  - Result of results(): Tuple{Int64, Int64}[]
  - Associated graphs: String[]
----------------------------------------
Graph #90:
  - Vertices: 6, Edges: 8
  - Degree List: [3, 3, 2, 3, 2, 3]
  - Result of results(): Tuple{Int64, Int64}[]
  - Associated graphs: String[]
----------------------------------------
Graph #91:
  - Vertices: 6, Edges: 9
  - Degree List: [3, 3, 3, 3, 2, 4]
  - Result of results(): Tuple{Int64, Int64}[]
  - Associated graphs: String[]
----------------------------------------
Graph #92:
  - Vertices: 6, Edges: 10
  - Degree List: [3, 3, 3, 3, 3, 5]
  - Result of results(): Tuple{Int64, Int64}[]
  - Associated graphs: String[]
----------------------------------------
Graph #93:
  - Vertices: 6, Edges: 9
  - Degree List: [3, 3, 3, 3, 3, 3]
  - Result of results(): Tuple{Int64, Int64}[]
  - Associated graphs: String[]
----------------------------------------
Graph #94:
  - Vertices: 6, Edges: 10
  - Degree List: [4, 3, 3, 3, 3, 4]
  - Result of results(): Tuple{Int64, Int64}[]
  - Associated graphs: String[]
----------------------------------------
Graph #95:
  - Vertices: 6, Edges: 10
  - Degree List: [4, 3, 2, 3, 4, 4]
  - Result of results(): Tuple{Int64, Int64}[]
  - Associated graphs: String[]
----------------------------------------
Graph #96:
  - Vertices: 6, Edges: 11
  - Degree List: [4, 3, 3, 3, 4, 5]
  - Result of results(): Tuple{Int64, Int64}[]
  - Associated graphs: String[]
----------------------------------------
Graph #97:
  - Vertices: 6, Edges: 12
  - Degree List: [4, 3, 3, 4, 5, 5]
 - Genus too high: skipped.----------------------------------------
Graph #98:
  - Vertices: 6, Edges: 10
  - Degree List: [4, 2, 4, 3, 3, 4]
  - Result of results(): Tuple{Int64, Int64}[]
  - Associated graphs: String[]
----------------------------------------
Graph #99:
  - Vertices: 6, Edges: 10
  - Degree List: [4, 2, 4, 2, 4, 4]
  - Result of results(): Tuple{Int64, Int64}[]
  - Associated graphs: String[]
----------------------------------------
Graph #100:
  - Vertices: 6, Edges: 11
  - Degree List: [4, 2, 4, 3, 4, 5]
  - Result of results(): Tuple{Int64, Int64}[]
  - Associated graphs: String[]
----------------------------------------
Graph #101:
  - Vertices: 6, Edges: 10
  - Degree List: [4, 1, 4, 4, 3, 4]
  - Result of results(): Tuple{Int64, Int64}[]
  - Associated graphs: String[]
----------------------------------------
Graph #102:
  - Vertices: 6, Edges: 11
  - Degree List: [4, 1, 4, 4, 4, 5]
  - Result of results(): Tuple{Int64, Int64}[]
  - Associated graphs: String[]
----------------------------------------
Graph #103:
  - Vertices: 6, Edges: 12
  - Degree List: [4, 2, 4, 4, 5, 5]
 - Genus too high: skipped.----------------------------------------
Graph #104:
  - Vertices: 6, Edges: 13
  - Degree List: [4, 3, 4, 5, 5, 5]
 - Genus too high: skipped.----------------------------------------
Graph #105:
  - Vertices: 6, Edges: 11
  - Degree List: [4, 4, 4, 3, 3, 4]
  - Result of results(): Tuple{Int64, Int64}[]
  - Associated graphs: String[]
----------------------------------------
Graph #106:
  - Vertices: 6, Edges: 11
  - Degree List: [4, 4, 4, 2, 4, 4]
  - Result of results(): Tuple{Int64, Int64}[]
  - Associated graphs: String[]
----------------------------------------
Graph #107:
  - Vertices: 6, Edges: 11
  - Degree List: [4, 3, 4, 3, 4, 4]
  - Result of results(): Tuple{Int64, Int64}[]
  - Associated graphs: String[]
----------------------------------------
Graph #108:
  - Vertices: 6, Edges: 12
  - Degree List: [4, 4, 4, 3, 4, 5]
 - Genus too high: skipped.----------------------------------------
Graph #109:
  - Vertices: 6, Edges: 12
  - Degree List: [4, 4, 4, 4, 4, 4]
 - Genus too high: skipped.----------------------------------------
Graph #110:
  - Vertices: 6, Edges: 13
  - Degree List: [4, 4, 4, 4, 5, 5]
 - Genus too high: skipped.----------------------------------------
Graph #111:
  - Vertices: 6, Edges: 14
  - Degree List: [4, 4, 5, 5, 5, 5]
 - Genus too high: skipped.----------------------------------------
Graph #112:
  - Vertices: 6, Edges: 15
  - Degree List: [5, 5, 5, 5, 5, 5]
 - Genus too high: skipped.----------------------------------------
