Graph Gonality Analysis Results
================================

Graph #1:
  - Vertices: 12, Edges: 18
  - Degree List: [3, 3, 3, 3, 3, 3, 3, 3, 3, 3, 3, 3]
----------------------------------------
Graph #2:
  - Vertices: 12, Edges: 18
  - Degree List: [3, 3, 3, 3, 3, 3, 3, 3, 3, 3, 3, 3]
----------------------------------------
Graph #3:
  - Vertices: 12, Edges: 18
  - Degree List: [3, 3, 3, 3, 3, 3, 3, 3, 3, 3, 3, 3]
----------------------------------------
Graph #4:
  - Vertices: 12, Edges: 18
  - Degree List: [3, 3, 3, 3, 3, 3, 3, 3, 3, 3, 3, 3]
----------------------------------------
Graph #5:
  - Vertices: 12, Edges: 18
  - Degree List: [3, 3, 3, 3, 3, 3, 3, 3, 3, 3, 3, 3]
----------------------------------------
Graph #6:
  - Vertices: 12, Edges: 18
  - Degree List: [3, 3, 3, 3, 3, 3, 3, 3, 3, 3, 3, 3]
----------------------------------------
Graph #7:
  - Vertices: 12, Edges: 18
  - Degree List: [3, 3, 3, 3, 3, 3, 3, 3, 3, 3, 3, 3]
----------------------------------------
Graph #8:
  - Vertices: 12, Edges: 18
  - Degree List: [3, 3, 3, 3, 3, 3, 3, 3, 3, 3, 3, 3]
----------------------------------------
Graph #9:
  - Vertices: 12, Edges: 18
  - Degree List: [3, 3, 3, 3, 3, 3, 3, 3, 3, 3, 3, 3]
----------------------------------------
Graph #10:
  - Vertices: 12, Edges: 18
  - Degree List: [3, 3, 3, 3, 3, 3, 3, 3, 3, 3, 3, 3]
----------------------------------------
Graph #11:
  - Vertices: 12, Edges: 18
  - Degree List: [3, 3, 3, 3, 3, 3, 3, 3, 3, 3, 3, 3]
----------------------------------------
Graph #12:
  - Vertices: 12, Edges: 18
  - Degree List: [3, 3, 3, 3, 3, 3, 3, 3, 3, 3, 3, 3]
----------------------------------------
Graph #13:
  - Vertices: 12, Edges: 18
  - Degree List: [3, 3, 3, 3, 3, 3, 3, 3, 3, 3, 3, 3]
----------------------------------------
Graph #14:
  - Vertices: 12, Edges: 18
  - Degree List: [3, 3, 3, 3, 3, 3, 3, 3, 3, 3, 3, 3]
----------------------------------------
Graph #15:
  - Vertices: 12, Edges: 18
  - Degree List: [3, 3, 3, 3, 3, 3, 3, 3, 3, 3, 3, 3]
----------------------------------------
Graph #16:
  - Vertices: 12, Edges: 18
  - Degree List: [3, 3, 3, 3, 3, 3, 3, 3, 3, 3, 3, 3]
----------------------------------------
Graph #17:
  - Vertices: 12, Edges: 18
  - Degree List: [3, 3, 3, 3, 3, 3, 3, 3, 3, 3, 3, 3]
----------------------------------------
Graph #18:
  - Vertices: 12, Edges: 18
  - Degree List: [3, 3, 3, 3, 3, 3, 3, 3, 3, 3, 3, 3]
----------------------------------------
Graph #19:
  - Vertices: 12, Edges: 18
  - Degree List: [3, 3, 3, 3, 3, 3, 3, 3, 3, 3, 3, 3]
----------------------------------------
Graph #20:
  - Vertices: 12, Edges: 18
  - Degree List: [3, 3, 3, 3, 3, 3, 3, 3, 3, 3, 3, 3]
----------------------------------------
Graph #21:
  - Vertices: 12, Edges: 18
  - Degree List: [3, 3, 3, 3, 3, 3, 3, 3, 3, 3, 3, 3]
----------------------------------------
Graph #22:
  - Vertices: 12, Edges: 18
  - Degree List: [3, 3, 3, 3, 3, 3, 3, 3, 3, 3, 3, 3]
----------------------------------------
Graph #23:
  - Vertices: 12, Edges: 18
  - Degree List: [3, 3, 3, 3, 3, 3, 3, 3, 3, 3, 3, 3]
----------------------------------------
Graph #24:
  - Vertices: 12, Edges: 18
  - Degree List: [3, 3, 3, 3, 3, 3, 3, 3, 3, 3, 3, 3]
----------------------------------------
Graph #25:
  - Vertices: 12, Edges: 18
  - Degree List: [3, 3, 3, 3, 3, 3, 3, 3, 3, 3, 3, 3]
----------------------------------------
Graph #26:
  - Vertices: 12, Edges: 18
  - Degree List: [3, 3, 3, 3, 3, 3, 3, 3, 3, 3, 3, 3]
----------------------------------------
Graph #27:
  - Vertices: 12, Edges: 18
  - Degree List: [3, 3, 3, 3, 3, 3, 3, 3, 3, 3, 3, 3]
----------------------------------------
Graph #28:
  - Vertices: 12, Edges: 18
  - Degree List: [3, 3, 3, 3, 3, 3, 3, 3, 3, 3, 3, 3]
----------------------------------------
Graph #29:
  - Vertices: 12, Edges: 18
  - Degree List: [3, 3, 3, 3, 3, 3, 3, 3, 3, 3, 3, 3]
----------------------------------------
Graph #30:
  - Vertices: 12, Edges: 18
  - Degree List: [3, 3, 3, 3, 3, 3, 3, 3, 3, 3, 3, 3]
----------------------------------------
Graph #31:
  - Vertices: 12, Edges: 18
  - Degree List: [3, 3, 3, 3, 3, 3, 3, 3, 3, 3, 3, 3]
----------------------------------------
Graph #32:
  - Vertices: 12, Edges: 18
  - Degree List: [3, 3, 3, 3, 3, 3, 3, 3, 3, 3, 3, 3]
----------------------------------------
Graph #33:
  - Vertices: 12, Edges: 18
  - Degree List: [3, 3, 3, 3, 3, 3, 3, 3, 3, 3, 3, 3]
----------------------------------------
Graph #34:
  - Vertices: 12, Edges: 18
  - Degree List: [3, 3, 3, 3, 3, 3, 3, 3, 3, 3, 3, 3]
----------------------------------------
Graph #35:
  - Vertices: 12, Edges: 18
  - Degree List: [3, 3, 3, 3, 3, 3, 3, 3, 3, 3, 3, 3]
----------------------------------------
Graph #36:
  - Vertices: 12, Edges: 18
  - Degree List: [3, 3, 3, 3, 3, 3, 3, 3, 3, 3, 3, 3]
----------------------------------------
Graph #37:
  - Vertices: 12, Edges: 18
  - Degree List: [3, 3, 3, 3, 3, 3, 3, 3, 3, 3, 3, 3]
----------------------------------------
Graph #38:
  - Vertices: 12, Edges: 18
  - Degree List: [3, 3, 3, 3, 3, 3, 3, 3, 3, 3, 3, 3]
----------------------------------------
Graph #39:
  - Vertices: 12, Edges: 18
  - Degree List: [3, 3, 3, 3, 3, 3, 3, 3, 3, 3, 3, 3]
----------------------------------------
Graph #40:
  - Vertices: 12, Edges: 18
  - Degree List: [3, 3, 3, 3, 3, 3, 3, 3, 3, 3, 3, 3]
----------------------------------------
Graph #41:
  - Vertices: 12, Edges: 18
  - Degree List: [3, 3, 3, 3, 3, 3, 3, 3, 3, 3, 3, 3]
----------------------------------------
Graph #42:
  - Vertices: 12, Edges: 18
  - Degree List: [3, 3, 3, 3, 3, 3, 3, 3, 3, 3, 3, 3]
----------------------------------------
Graph #43:
  - Vertices: 12, Edges: 18
  - Degree List: [3, 3, 3, 3, 3, 3, 3, 3, 3, 3, 3, 3]
----------------------------------------
Graph #44:
  - Vertices: 12, Edges: 18
  - Degree List: [3, 3, 3, 3, 3, 3, 3, 3, 3, 3, 3, 3]
----------------------------------------
Graph #45:
  - Vertices: 12, Edges: 18
  - Degree List: [3, 3, 3, 3, 3, 3, 3, 3, 3, 3, 3, 3]
----------------------------------------
Graph #46:
  - Vertices: 12, Edges: 18
  - Degree List: [3, 3, 3, 3, 3, 3, 3, 3, 3, 3, 3, 3]
----------------------------------------
Graph #47:
  - Vertices: 12, Edges: 18
  - Degree List: [3, 3, 3, 3, 3, 3, 3, 3, 3, 3, 3, 3]
----------------------------------------
Graph #48:
  - Vertices: 12, Edges: 18
  - Degree List: [3, 3, 3, 3, 3, 3, 3, 3, 3, 3, 3, 3]
----------------------------------------
Graph #49:
  - Vertices: 12, Edges: 18
  - Degree List: [3, 3, 3, 3, 3, 3, 3, 3, 3, 3, 3, 3]
----------------------------------------
Graph #50:
  - Vertices: 12, Edges: 18
  - Degree List: [3, 3, 3, 3, 3, 3, 3, 3, 3, 3, 3, 3]
----------------------------------------
Graph #51:
  - Vertices: 12, Edges: 18
  - Degree List: [3, 3, 3, 3, 3, 3, 3, 3, 3, 3, 3, 3]
----------------------------------------
Graph #52:
  - Vertices: 12, Edges: 18
  - Degree List: [3, 3, 3, 3, 3, 3, 3, 3, 3, 3, 3, 3]
----------------------------------------
Graph #53:
  - Vertices: 12, Edges: 18
  - Degree List: [3, 3, 3, 3, 3, 3, 3, 3, 3, 3, 3, 3]
----------------------------------------
Graph #54:
  - Vertices: 12, Edges: 18
  - Degree List: [3, 3, 3, 3, 3, 3, 3, 3, 3, 3, 3, 3]
----------------------------------------
Graph #55:
  - Vertices: 12, Edges: 18
  - Degree List: [3, 3, 3, 3, 3, 3, 3, 3, 3, 3, 3, 3]
----------------------------------------
Graph #56:
  - Vertices: 12, Edges: 18
  - Degree List: [3, 3, 3, 3, 3, 3, 3, 3, 3, 3, 3, 3]
----------------------------------------
Graph #57:
  - Vertices: 12, Edges: 18
  - Degree List: [3, 3, 3, 3, 3, 3, 3, 3, 3, 3, 3, 3]
----------------------------------------
Graph #58:
  - Vertices: 12, Edges: 18
  - Degree List: [3, 3, 3, 3, 3, 3, 3, 3, 3, 3, 3, 3]
----------------------------------------
Graph #59:
  - Vertices: 12, Edges: 18
  - Degree List: [3, 3, 3, 3, 3, 3, 3, 3, 3, 3, 3, 3]
----------------------------------------
Graph #60:
  - Vertices: 12, Edges: 18
  - Degree List: [3, 3, 3, 3, 3, 3, 3, 3, 3, 3, 3, 3]
----------------------------------------
Graph #61:
  - Vertices: 12, Edges: 18
  - Degree List: [3, 3, 3, 3, 3, 3, 3, 3, 3, 3, 3, 3]
----------------------------------------
Graph #62:
  - Vertices: 12, Edges: 18
  - Degree List: [3, 3, 3, 3, 3, 3, 3, 3, 3, 3, 3, 3]
----------------------------------------
Graph #63:
  - Vertices: 12, Edges: 18
  - Degree List: [3, 3, 3, 3, 3, 3, 3, 3, 3, 3, 3, 3]
----------------------------------------
Graph #64:
  - Vertices: 12, Edges: 18
  - Degree List: [3, 3, 3, 3, 3, 3, 3, 3, 3, 3, 3, 3]
----------------------------------------
Graph #65:
  - Vertices: 12, Edges: 18
  - Degree List: [3, 3, 3, 3, 3, 3, 3, 3, 3, 3, 3, 3]
----------------------------------------
Graph #66:
  - Vertices: 12, Edges: 18
  - Degree List: [3, 3, 3, 3, 3, 3, 3, 3, 3, 3, 3, 3]
----------------------------------------
Graph #67:
  - Vertices: 12, Edges: 18
  - Degree List: [3, 3, 3, 3, 3, 3, 3, 3, 3, 3, 3, 3]
----------------------------------------
Graph #68:
  - Vertices: 12, Edges: 18
  - Degree List: [3, 3, 3, 3, 3, 3, 3, 3, 3, 3, 3, 3]
----------------------------------------
Graph #69:
  - Vertices: 12, Edges: 18
  - Degree List: [3, 3, 3, 3, 3, 3, 3, 3, 3, 3, 3, 3]
----------------------------------------
Graph #70:
  - Vertices: 12, Edges: 18
  - Degree List: [3, 3, 3, 3, 3, 3, 3, 3, 3, 3, 3, 3]
----------------------------------------
Graph #71:
  - Vertices: 12, Edges: 18
  - Degree List: [3, 3, 3, 3, 3, 3, 3, 3, 3, 3, 3, 3]
----------------------------------------
Graph #72:
  - Vertices: 12, Edges: 18
  - Degree List: [3, 3, 3, 3, 3, 3, 3, 3, 3, 3, 3, 3]
----------------------------------------
Graph #73:
  - Vertices: 12, Edges: 18
  - Degree List: [3, 3, 3, 3, 3, 3, 3, 3, 3, 3, 3, 3]
----------------------------------------
Graph #74:
  - Vertices: 12, Edges: 18
  - Degree List: [3, 3, 3, 3, 3, 3, 3, 3, 3, 3, 3, 3]
----------------------------------------
Graph #75:
  - Vertices: 12, Edges: 18
  - Degree List: [3, 3, 3, 3, 3, 3, 3, 3, 3, 3, 3, 3]
----------------------------------------
Graph #76:
  - Vertices: 12, Edges: 18
  - Degree List: [3, 3, 3, 3, 3, 3, 3, 3, 3, 3, 3, 3]
SECOND GONALITY SAVINGS, 7 -> 6
Graph(V=12, E=18, Edges=[(1, 5), (1, 7), (1, 10), (2, 6), (2, 9), (2, 12), (3, 7), (3, 8), (3, 9), (4, 8), (4, 10), (4, 11), (5, 10), (5, 12), (6, 11), (6, 12), (7, 9), (8, 11)])
----------------------------------------
Graph #77:
  - Vertices: 12, Edges: 18
  - Degree List: [3, 3, 3, 3, 3, 3, 3, 3, 3, 3, 3, 3]
----------------------------------------
Graph #78:
  - Vertices: 12, Edges: 18
  - Degree List: [3, 3, 3, 3, 3, 3, 3, 3, 3, 3, 3, 3]
----------------------------------------
Graph #79:
  - Vertices: 12, Edges: 18
  - Degree List: [3, 3, 3, 3, 3, 3, 3, 3, 3, 3, 3, 3]
----------------------------------------
Graph #80:
  - Vertices: 12, Edges: 18
  - Degree List: [3, 3, 3, 3, 3, 3, 3, 3, 3, 3, 3, 3]
----------------------------------------
Graph #81:
  - Vertices: 12, Edges: 18
  - Degree List: [3, 3, 3, 3, 3, 3, 3, 3, 3, 3, 3, 3]
----------------------------------------
Graph #82:
  - Vertices: 12, Edges: 18
  - Degree List: [3, 3, 3, 3, 3, 3, 3, 3, 3, 3, 3, 3]
----------------------------------------
Graph #83:
  - Vertices: 12, Edges: 18
  - Degree List: [3, 3, 3, 3, 3, 3, 3, 3, 3, 3, 3, 3]
----------------------------------------
Graph #84:
  - Vertices: 12, Edges: 18
  - Degree List: [3, 3, 3, 3, 3, 3, 3, 3, 3, 3, 3, 3]
----------------------------------------
Graph #85:
  - Vertices: 12, Edges: 18
  - Degree List: [3, 3, 3, 3, 3, 3, 3, 3, 3, 3, 3, 3]
----------------------------------------
