Graph Gonality Analysis Results
================================

Graph #1:
  - Vertices: 10, Edges: 15
  - Degree List: [3, 3, 3, 3, 3, 3, 3, 3, 3, 3]
first gonality: 3 -> -1second gonality: 6 -> -1third gonality: 7 -> -1----------------------------------------
Graph #2:
  - Vertices: 10, Edges: 15
  - Degree List: [3, 3, 3, 3, 3, 3, 3, 3, 3, 3]
first gonality: 4 -> -1second gonality: 6 -> -1third gonality: 8 -> -1----------------------------------------
Graph #3:
  - Vertices: 10, Edges: 15
  - Degree List: [3, 3, 3, 3, 3, 3, 3, 3, 3, 3]
first gonality: 4 -> -1second gonality: 6 -> -1third gonality: 8 -> -1----------------------------------------
Graph #4:
  - Vertices: 10, Edges: 15
  - Degree List: [3, 3, 3, 3, 3, 3, 3, 3, 3, 3]
first gonality: 4 -> -1second gonality: 6 -> -1third gonality: 8 -> -1----------------------------------------
Graph #5:
  - Vertices: 10, Edges: 15
  - Degree List: [3, 3, 3, 3, 3, 3, 3, 3, 3, 3]
first gonality: 4 -> -1second gonality: 6 -> -1third gonality: 8 -> -1----------------------------------------
Graph #6:
  - Vertices: 10, Edges: 15
  - Degree List: [3, 3, 3, 3, 3, 3, 3, 3, 3, 3]
first gonality: 4 -> -1second gonality: 6 -> -1third gonality: 8 -> -1----------------------------------------
Graph #7:
  - Vertices: 10, Edges: 15
  - Degree List: [3, 3, 3, 3, 3, 3, 3, 3, 3, 3]
first gonality: 4 -> -1second gonality: 6 -> -1third gonality: 8 -> -1----------------------------------------
Graph #8:
  - Vertices: 10, Edges: 15
  - Degree List: [3, 3, 3, 3, 3, 3, 3, 3, 3, 3]
first gonality: 4 -> -1second gonality: 6 -> -1third gonality: 8 -> -1----------------------------------------
Graph #9:
  - Vertices: 10, Edges: 15
  - Degree List: [3, 3, 3, 3, 3, 3, 3, 3, 3, 3]
first gonality: 4 -> -1second gonality: 6 -> -1third gonality: 8 -> -1----------------------------------------
Graph #10:
  - Vertices: 10, Edges: 15
  - Degree List: [3, 3, 3, 3, 3, 3, 3, 3, 3, 3]
first gonality: 4 -> -1second gonality: 6 -> -1third gonality: 8 -> -1----------------------------------------
Graph #11:
  - Vertices: 10, Edges: 15
  - Degree List: [3, 3, 3, 3, 3, 3, 3, 3, 3, 3]
first gonality: 4 -> -1second gonality: 6 -> -1third gonality: 8 -> -1----------------------------------------
Graph #12:
  - Vertices: 10, Edges: 15
  - Degree List: [3, 3, 3, 3, 3, 3, 3, 3, 3, 3]
first gonality: 4 -> -1second gonality: 6 -> -1third gonality: 8 -> -1----------------------------------------
Graph #13:
  - Vertices: 10, Edges: 15
  - Degree List: [3, 3, 3, 3, 3, 3, 3, 3, 3, 3]
first gonality: 4 -> -1second gonality: 6 -> -1third gonality: 8 -> -1----------------------------------------
Graph #14:
  - Vertices: 10, Edges: 15
  - Degree List: [3, 3, 3, 3, 3, 3, 3, 3, 3, 3]
first gonality: 4 -> -1second gonality: 6 -> -1third gonality: 8 -> -1----------------------------------------
Graph #15:
  - Vertices: 10, Edges: 15
  - Degree List: [3, 3, 3, 3, 3, 3, 3, 3, 3, 3]
first gonality: 4 -> -1second gonality: 6 -> -1third gonality: 8 -> -1----------------------------------------
Graph #16:
  - Vertices: 10, Edges: 15
  - Degree List: [3, 3, 3, 3, 3, 3, 3, 3, 3, 3]
first gonality: 4 -> -1second gonality: 6 -> -1third gonality: 8 -> -1----------------------------------------
Graph #17:
  - Vertices: 10, Edges: 15
  - Degree List: [3, 3, 3, 3, 3, 3, 3, 3, 3, 3]
first gonality: 3 -> -1second gonality: 6 -> -1third gonality: 7 -> -1----------------------------------------
Graph #18:
  - Vertices: 10, Edges: 15
  - Degree List: [3, 3, 3, 3, 3, 3, 3, 3, 3, 3]
first gonality: 4 -> -1second gonality: 6 -> -1third gonality: 8 -> -1----------------------------------------
Graph #19:
  - Vertices: 10, Edges: 15
  - Degree List: [3, 3, 3, 3, 3, 3, 3, 3, 3, 3]
first gonality: 4 -> -1second gonality: 6 -> -1third gonality: 8 -> -1----------------------------------------
