Graph Gonality Analysis Results
================================

Graph #1:
  - Vertices: 14, Edges: 21
  - Degree List: [3, 3, 3, 3, 3, 3, 3, 3, 3, 3, 3, 3, 3, 3]
----------------------------------------
Graph #2:
  - Vertices: 14, Edges: 21
  - Degree List: [3, 3, 3, 3, 3, 3, 3, 3, 3, 3, 3, 3, 3, 3]
----------------------------------------
Graph #3:
  - Vertices: 14, Edges: 21
  - Degree List: [3, 3, 3, 3, 3, 3, 3, 3, 3, 3, 3, 3, 3, 3]
----------------------------------------
Graph #4:
  - Vertices: 14, Edges: 21
  - Degree List: [3, 3, 3, 3, 3, 3, 3, 3, 3, 3, 3, 3, 3, 3]
----------------------------------------
Graph #5:
  - Vertices: 14, Edges: 21
  - Degree List: [3, 3, 3, 3, 3, 3, 3, 3, 3, 3, 3, 3, 3, 3]
----------------------------------------
Graph #6:
  - Vertices: 14, Edges: 21
  - Degree List: [3, 3, 3, 3, 3, 3, 3, 3, 3, 3, 3, 3, 3, 3]
----------------------------------------
Graph #7:
  - Vertices: 14, Edges: 21
  - Degree List: [3, 3, 3, 3, 3, 3, 3, 3, 3, 3, 3, 3, 3, 3]
----------------------------------------
Graph #8:
  - Vertices: 14, Edges: 21
  - Degree List: [3, 3, 3, 3, 3, 3, 3, 3, 3, 3, 3, 3, 3, 3]
----------------------------------------
Graph #9:
  - Vertices: 14, Edges: 21
  - Degree List: [3, 3, 3, 3, 3, 3, 3, 3, 3, 3, 3, 3, 3, 3]
----------------------------------------
Graph #10:
  - Vertices: 14, Edges: 21
  - Degree List: [3, 3, 3, 3, 3, 3, 3, 3, 3, 3, 3, 3, 3, 3]
----------------------------------------
Graph #11:
  - Vertices: 14, Edges: 21
  - Degree List: [3, 3, 3, 3, 3, 3, 3, 3, 3, 3, 3, 3, 3, 3]
----------------------------------------
Graph #12:
  - Vertices: 14, Edges: 21
  - Degree List: [3, 3, 3, 3, 3, 3, 3, 3, 3, 3, 3, 3, 3, 3]
----------------------------------------
Graph #13:
  - Vertices: 14, Edges: 21
  - Degree List: [3, 3, 3, 3, 3, 3, 3, 3, 3, 3, 3, 3, 3, 3]
----------------------------------------
Graph #14:
  - Vertices: 14, Edges: 21
  - Degree List: [3, 3, 3, 3, 3, 3, 3, 3, 3, 3, 3, 3, 3, 3]
----------------------------------------
Graph #15:
  - Vertices: 14, Edges: 21
  - Degree List: [3, 3, 3, 3, 3, 3, 3, 3, 3, 3, 3, 3, 3, 3]
----------------------------------------
Graph #16:
  - Vertices: 14, Edges: 21
  - Degree List: [3, 3, 3, 3, 3, 3, 3, 3, 3, 3, 3, 3, 3, 3]
----------------------------------------
Graph #17:
  - Vertices: 14, Edges: 21
  - Degree List: [3, 3, 3, 3, 3, 3, 3, 3, 3, 3, 3, 3, 3, 3]
----------------------------------------
Graph #18:
  - Vertices: 14, Edges: 21
  - Degree List: [3, 3, 3, 3, 3, 3, 3, 3, 3, 3, 3, 3, 3, 3]
----------------------------------------
Graph #19:
  - Vertices: 14, Edges: 21
  - Degree List: [3, 3, 3, 3, 3, 3, 3, 3, 3, 3, 3, 3, 3, 3]
----------------------------------------
Graph #20:
  - Vertices: 14, Edges: 21
  - Degree List: [3, 3, 3, 3, 3, 3, 3, 3, 3, 3, 3, 3, 3, 3]
----------------------------------------
Graph #21:
  - Vertices: 14, Edges: 21
  - Degree List: [3, 3, 3, 3, 3, 3, 3, 3, 3, 3, 3, 3, 3, 3]
----------------------------------------
Graph #22:
  - Vertices: 14, Edges: 21
  - Degree List: [3, 3, 3, 3, 3, 3, 3, 3, 3, 3, 3, 3, 3, 3]
----------------------------------------
Graph #23:
  - Vertices: 14, Edges: 21
  - Degree List: [3, 3, 3, 3, 3, 3, 3, 3, 3, 3, 3, 3, 3, 3]
----------------------------------------
Graph #24:
  - Vertices: 14, Edges: 21
  - Degree List: [3, 3, 3, 3, 3, 3, 3, 3, 3, 3, 3, 3, 3, 3]
----------------------------------------
Graph #25:
  - Vertices: 14, Edges: 21
  - Degree List: [3, 3, 3, 3, 3, 3, 3, 3, 3, 3, 3, 3, 3, 3]
----------------------------------------
Graph #26:
  - Vertices: 14, Edges: 21
  - Degree List: [3, 3, 3, 3, 3, 3, 3, 3, 3, 3, 3, 3, 3, 3]
----------------------------------------
Graph #27:
  - Vertices: 14, Edges: 21
  - Degree List: [3, 3, 3, 3, 3, 3, 3, 3, 3, 3, 3, 3, 3, 3]
----------------------------------------
Graph #28:
  - Vertices: 14, Edges: 21
  - Degree List: [3, 3, 3, 3, 3, 3, 3, 3, 3, 3, 3, 3, 3, 3]
----------------------------------------
Graph #29:
  - Vertices: 14, Edges: 21
  - Degree List: [3, 3, 3, 3, 3, 3, 3, 3, 3, 3, 3, 3, 3, 3]
----------------------------------------
Graph #30:
  - Vertices: 14, Edges: 21
  - Degree List: [3, 3, 3, 3, 3, 3, 3, 3, 3, 3, 3, 3, 3, 3]
----------------------------------------
Graph #31:
  - Vertices: 14, Edges: 21
  - Degree List: [3, 3, 3, 3, 3, 3, 3, 3, 3, 3, 3, 3, 3, 3]
----------------------------------------
Graph #32:
  - Vertices: 14, Edges: 21
  - Degree List: [3, 3, 3, 3, 3, 3, 3, 3, 3, 3, 3, 3, 3, 3]
----------------------------------------
Graph #33:
  - Vertices: 14, Edges: 21
  - Degree List: [3, 3, 3, 3, 3, 3, 3, 3, 3, 3, 3, 3, 3, 3]
----------------------------------------
Graph #34:
  - Vertices: 14, Edges: 21
  - Degree List: [3, 3, 3, 3, 3, 3, 3, 3, 3, 3, 3, 3, 3, 3]
----------------------------------------
Graph #35:
  - Vertices: 14, Edges: 21
  - Degree List: [3, 3, 3, 3, 3, 3, 3, 3, 3, 3, 3, 3, 3, 3]
----------------------------------------
Graph #36:
  - Vertices: 14, Edges: 21
  - Degree List: [3, 3, 3, 3, 3, 3, 3, 3, 3, 3, 3, 3, 3, 3]
----------------------------------------
Graph #37:
  - Vertices: 14, Edges: 21
  - Degree List: [3, 3, 3, 3, 3, 3, 3, 3, 3, 3, 3, 3, 3, 3]
----------------------------------------
Graph #38:
  - Vertices: 14, Edges: 21
  - Degree List: [3, 3, 3, 3, 3, 3, 3, 3, 3, 3, 3, 3, 3, 3]
----------------------------------------
Graph #39:
  - Vertices: 14, Edges: 21
  - Degree List: [3, 3, 3, 3, 3, 3, 3, 3, 3, 3, 3, 3, 3, 3]
----------------------------------------
Graph #40:
  - Vertices: 14, Edges: 21
  - Degree List: [3, 3, 3, 3, 3, 3, 3, 3, 3, 3, 3, 3, 3, 3]
----------------------------------------
Graph #41:
  - Vertices: 14, Edges: 21
  - Degree List: [3, 3, 3, 3, 3, 3, 3, 3, 3, 3, 3, 3, 3, 3]
----------------------------------------
Graph #42:
  - Vertices: 14, Edges: 21
  - Degree List: [3, 3, 3, 3, 3, 3, 3, 3, 3, 3, 3, 3, 3, 3]
----------------------------------------
Graph #43:
  - Vertices: 14, Edges: 21
  - Degree List: [3, 3, 3, 3, 3, 3, 3, 3, 3, 3, 3, 3, 3, 3]
----------------------------------------
Graph #44:
  - Vertices: 14, Edges: 21
  - Degree List: [3, 3, 3, 3, 3, 3, 3, 3, 3, 3, 3, 3, 3, 3]
----------------------------------------
Graph #45:
  - Vertices: 14, Edges: 21
  - Degree List: [3, 3, 3, 3, 3, 3, 3, 3, 3, 3, 3, 3, 3, 3]
----------------------------------------
Graph #46:
  - Vertices: 14, Edges: 21
  - Degree List: [3, 3, 3, 3, 3, 3, 3, 3, 3, 3, 3, 3, 3, 3]
----------------------------------------
Graph #47:
  - Vertices: 14, Edges: 21
  - Degree List: [3, 3, 3, 3, 3, 3, 3, 3, 3, 3, 3, 3, 3, 3]
----------------------------------------
Graph #48:
  - Vertices: 14, Edges: 21
  - Degree List: [3, 3, 3, 3, 3, 3, 3, 3, 3, 3, 3, 3, 3, 3]
----------------------------------------
Graph #49:
  - Vertices: 14, Edges: 21
  - Degree List: [3, 3, 3, 3, 3, 3, 3, 3, 3, 3, 3, 3, 3, 3]
----------------------------------------
Graph #50:
  - Vertices: 14, Edges: 21
  - Degree List: [3, 3, 3, 3, 3, 3, 3, 3, 3, 3, 3, 3, 3, 3]
----------------------------------------
Graph #51:
  - Vertices: 14, Edges: 21
  - Degree List: [3, 3, 3, 3, 3, 3, 3, 3, 3, 3, 3, 3, 3, 3]
----------------------------------------
Graph #52:
  - Vertices: 14, Edges: 21
  - Degree List: [3, 3, 3, 3, 3, 3, 3, 3, 3, 3, 3, 3, 3, 3]
----------------------------------------
Graph #53:
  - Vertices: 14, Edges: 21
  - Degree List: [3, 3, 3, 3, 3, 3, 3, 3, 3, 3, 3, 3, 3, 3]
----------------------------------------
Graph #54:
  - Vertices: 14, Edges: 21
  - Degree List: [3, 3, 3, 3, 3, 3, 3, 3, 3, 3, 3, 3, 3, 3]
----------------------------------------
Graph #55:
  - Vertices: 14, Edges: 21
  - Degree List: [3, 3, 3, 3, 3, 3, 3, 3, 3, 3, 3, 3, 3, 3]
----------------------------------------
Graph #56:
  - Vertices: 14, Edges: 21
  - Degree List: [3, 3, 3, 3, 3, 3, 3, 3, 3, 3, 3, 3, 3, 3]
----------------------------------------
Graph #57:
  - Vertices: 14, Edges: 21
  - Degree List: [3, 3, 3, 3, 3, 3, 3, 3, 3, 3, 3, 3, 3, 3]
----------------------------------------
Graph #58:
  - Vertices: 14, Edges: 21
  - Degree List: [3, 3, 3, 3, 3, 3, 3, 3, 3, 3, 3, 3, 3, 3]
----------------------------------------
Graph #59:
  - Vertices: 14, Edges: 21
  - Degree List: [3, 3, 3, 3, 3, 3, 3, 3, 3, 3, 3, 3, 3, 3]
----------------------------------------
Graph #60:
  - Vertices: 14, Edges: 21
  - Degree List: [3, 3, 3, 3, 3, 3, 3, 3, 3, 3, 3, 3, 3, 3]
----------------------------------------
Graph #61:
  - Vertices: 14, Edges: 21
  - Degree List: [3, 3, 3, 3, 3, 3, 3, 3, 3, 3, 3, 3, 3, 3]
----------------------------------------
Graph #62:
  - Vertices: 14, Edges: 21
  - Degree List: [3, 3, 3, 3, 3, 3, 3, 3, 3, 3, 3, 3, 3, 3]
----------------------------------------
Graph #63:
  - Vertices: 14, Edges: 21
  - Degree List: [3, 3, 3, 3, 3, 3, 3, 3, 3, 3, 3, 3, 3, 3]
----------------------------------------
Graph #64:
  - Vertices: 14, Edges: 21
  - Degree List: [3, 3, 3, 3, 3, 3, 3, 3, 3, 3, 3, 3, 3, 3]
----------------------------------------
Graph #65:
  - Vertices: 14, Edges: 21
  - Degree List: [3, 3, 3, 3, 3, 3, 3, 3, 3, 3, 3, 3, 3, 3]
----------------------------------------
Graph #66:
  - Vertices: 14, Edges: 21
  - Degree List: [3, 3, 3, 3, 3, 3, 3, 3, 3, 3, 3, 3, 3, 3]
----------------------------------------
Graph #67:
  - Vertices: 14, Edges: 21
  - Degree List: [3, 3, 3, 3, 3, 3, 3, 3, 3, 3, 3, 3, 3, 3]
----------------------------------------
Graph #68:
  - Vertices: 14, Edges: 21
  - Degree List: [3, 3, 3, 3, 3, 3, 3, 3, 3, 3, 3, 3, 3, 3]
----------------------------------------
Graph #69:
  - Vertices: 14, Edges: 21
  - Degree List: [3, 3, 3, 3, 3, 3, 3, 3, 3, 3, 3, 3, 3, 3]
----------------------------------------
Graph #70:
  - Vertices: 14, Edges: 21
  - Degree List: [3, 3, 3, 3, 3, 3, 3, 3, 3, 3, 3, 3, 3, 3]
----------------------------------------
Graph #71:
  - Vertices: 14, Edges: 21
  - Degree List: [3, 3, 3, 3, 3, 3, 3, 3, 3, 3, 3, 3, 3, 3]
----------------------------------------
Graph #72:
  - Vertices: 14, Edges: 21
  - Degree List: [3, 3, 3, 3, 3, 3, 3, 3, 3, 3, 3, 3, 3, 3]
----------------------------------------
Graph #73:
  - Vertices: 14, Edges: 21
  - Degree List: [3, 3, 3, 3, 3, 3, 3, 3, 3, 3, 3, 3, 3, 3]
----------------------------------------
Graph #74:
  - Vertices: 14, Edges: 21
  - Degree List: [3, 3, 3, 3, 3, 3, 3, 3, 3, 3, 3, 3, 3, 3]
----------------------------------------
Graph #75:
  - Vertices: 14, Edges: 21
  - Degree List: [3, 3, 3, 3, 3, 3, 3, 3, 3, 3, 3, 3, 3, 3]
----------------------------------------
Graph #76:
  - Vertices: 14, Edges: 21
  - Degree List: [3, 3, 3, 3, 3, 3, 3, 3, 3, 3, 3, 3, 3, 3]
----------------------------------------
Graph #77:
  - Vertices: 14, Edges: 21
  - Degree List: [3, 3, 3, 3, 3, 3, 3, 3, 3, 3, 3, 3, 3, 3]
----------------------------------------
Graph #78:
  - Vertices: 14, Edges: 21
  - Degree List: [3, 3, 3, 3, 3, 3, 3, 3, 3, 3, 3, 3, 3, 3]
----------------------------------------
Graph #79:
  - Vertices: 14, Edges: 21
  - Degree List: [3, 3, 3, 3, 3, 3, 3, 3, 3, 3, 3, 3, 3, 3]
----------------------------------------
Graph #80:
  - Vertices: 14, Edges: 21
  - Degree List: [3, 3, 3, 3, 3, 3, 3, 3, 3, 3, 3, 3, 3, 3]
----------------------------------------
Graph #81:
  - Vertices: 14, Edges: 21
  - Degree List: [3, 3, 3, 3, 3, 3, 3, 3, 3, 3, 3, 3, 3, 3]
----------------------------------------
Graph #82:
  - Vertices: 14, Edges: 21
  - Degree List: [3, 3, 3, 3, 3, 3, 3, 3, 3, 3, 3, 3, 3, 3]
----------------------------------------
Graph #83:
  - Vertices: 14, Edges: 21
  - Degree List: [3, 3, 3, 3, 3, 3, 3, 3, 3, 3, 3, 3, 3, 3]
----------------------------------------
Graph #84:
  - Vertices: 14, Edges: 21
  - Degree List: [3, 3, 3, 3, 3, 3, 3, 3, 3, 3, 3, 3, 3, 3]
----------------------------------------
Graph #85:
  - Vertices: 14, Edges: 21
  - Degree List: [3, 3, 3, 3, 3, 3, 3, 3, 3, 3, 3, 3, 3, 3]
----------------------------------------
Graph #86:
  - Vertices: 14, Edges: 21
  - Degree List: [3, 3, 3, 3, 3, 3, 3, 3, 3, 3, 3, 3, 3, 3]
----------------------------------------
Graph #87:
  - Vertices: 14, Edges: 21
  - Degree List: [3, 3, 3, 3, 3, 3, 3, 3, 3, 3, 3, 3, 3, 3]
----------------------------------------
Graph #88:
  - Vertices: 14, Edges: 21
  - Degree List: [3, 3, 3, 3, 3, 3, 3, 3, 3, 3, 3, 3, 3, 3]
----------------------------------------
Graph #89:
  - Vertices: 14, Edges: 21
  - Degree List: [3, 3, 3, 3, 3, 3, 3, 3, 3, 3, 3, 3, 3, 3]
----------------------------------------
Graph #90:
  - Vertices: 14, Edges: 21
  - Degree List: [3, 3, 3, 3, 3, 3, 3, 3, 3, 3, 3, 3, 3, 3]
----------------------------------------
Graph #91:
  - Vertices: 14, Edges: 21
  - Degree List: [3, 3, 3, 3, 3, 3, 3, 3, 3, 3, 3, 3, 3, 3]
----------------------------------------
Graph #92:
  - Vertices: 14, Edges: 21
  - Degree List: [3, 3, 3, 3, 3, 3, 3, 3, 3, 3, 3, 3, 3, 3]
----------------------------------------
Graph #93:
  - Vertices: 14, Edges: 21
  - Degree List: [3, 3, 3, 3, 3, 3, 3, 3, 3, 3, 3, 3, 3, 3]
----------------------------------------
Graph #94:
  - Vertices: 14, Edges: 21
  - Degree List: [3, 3, 3, 3, 3, 3, 3, 3, 3, 3, 3, 3, 3, 3]
----------------------------------------
Graph #95:
  - Vertices: 14, Edges: 21
  - Degree List: [3, 3, 3, 3, 3, 3, 3, 3, 3, 3, 3, 3, 3, 3]
----------------------------------------
Graph #96:
  - Vertices: 14, Edges: 21
  - Degree List: [3, 3, 3, 3, 3, 3, 3, 3, 3, 3, 3, 3, 3, 3]
----------------------------------------
Graph #97:
  - Vertices: 14, Edges: 21
  - Degree List: [3, 3, 3, 3, 3, 3, 3, 3, 3, 3, 3, 3, 3, 3]
----------------------------------------
Graph #98:
  - Vertices: 14, Edges: 21
  - Degree List: [3, 3, 3, 3, 3, 3, 3, 3, 3, 3, 3, 3, 3, 3]
----------------------------------------
Graph #99:
  - Vertices: 14, Edges: 21
  - Degree List: [3, 3, 3, 3, 3, 3, 3, 3, 3, 3, 3, 3, 3, 3]
----------------------------------------
Graph #100:
  - Vertices: 14, Edges: 21
  - Degree List: [3, 3, 3, 3, 3, 3, 3, 3, 3, 3, 3, 3, 3, 3]
----------------------------------------
Graph #101:
  - Vertices: 14, Edges: 21
  - Degree List: [3, 3, 3, 3, 3, 3, 3, 3, 3, 3, 3, 3, 3, 3]
----------------------------------------
Graph #102:
  - Vertices: 14, Edges: 21
  - Degree List: [3, 3, 3, 3, 3, 3, 3, 3, 3, 3, 3, 3, 3, 3]
----------------------------------------
Graph #103:
  - Vertices: 14, Edges: 21
  - Degree List: [3, 3, 3, 3, 3, 3, 3, 3, 3, 3, 3, 3, 3, 3]
----------------------------------------
Graph #104:
  - Vertices: 14, Edges: 21
  - Degree List: [3, 3, 3, 3, 3, 3, 3, 3, 3, 3, 3, 3, 3, 3]
----------------------------------------
Graph #105:
  - Vertices: 14, Edges: 21
  - Degree List: [3, 3, 3, 3, 3, 3, 3, 3, 3, 3, 3, 3, 3, 3]
----------------------------------------
Graph #106:
  - Vertices: 14, Edges: 21
  - Degree List: [3, 3, 3, 3, 3, 3, 3, 3, 3, 3, 3, 3, 3, 3]
----------------------------------------
Graph #107:
  - Vertices: 14, Edges: 21
  - Degree List: [3, 3, 3, 3, 3, 3, 3, 3, 3, 3, 3, 3, 3, 3]
----------------------------------------
Graph #108:
  - Vertices: 14, Edges: 21
  - Degree List: [3, 3, 3, 3, 3, 3, 3, 3, 3, 3, 3, 3, 3, 3]
----------------------------------------
Graph #109:
  - Vertices: 14, Edges: 21
  - Degree List: [3, 3, 3, 3, 3, 3, 3, 3, 3, 3, 3, 3, 3, 3]
----------------------------------------
Graph #110:
  - Vertices: 14, Edges: 21
  - Degree List: [3, 3, 3, 3, 3, 3, 3, 3, 3, 3, 3, 3, 3, 3]
----------------------------------------
Graph #111:
  - Vertices: 14, Edges: 21
  - Degree List: [3, 3, 3, 3, 3, 3, 3, 3, 3, 3, 3, 3, 3, 3]
----------------------------------------
Graph #112:
  - Vertices: 14, Edges: 21
  - Degree List: [3, 3, 3, 3, 3, 3, 3, 3, 3, 3, 3, 3, 3, 3]
----------------------------------------
Graph #113:
  - Vertices: 14, Edges: 21
  - Degree List: [3, 3, 3, 3, 3, 3, 3, 3, 3, 3, 3, 3, 3, 3]
----------------------------------------
Graph #114:
  - Vertices: 14, Edges: 21
  - Degree List: [3, 3, 3, 3, 3, 3, 3, 3, 3, 3, 3, 3, 3, 3]
----------------------------------------
Graph #115:
  - Vertices: 14, Edges: 21
  - Degree List: [3, 3, 3, 3, 3, 3, 3, 3, 3, 3, 3, 3, 3, 3]
----------------------------------------
Graph #116:
  - Vertices: 14, Edges: 21
  - Degree List: [3, 3, 3, 3, 3, 3, 3, 3, 3, 3, 3, 3, 3, 3]
----------------------------------------
Graph #117:
  - Vertices: 14, Edges: 21
  - Degree List: [3, 3, 3, 3, 3, 3, 3, 3, 3, 3, 3, 3, 3, 3]
----------------------------------------
Graph #118:
  - Vertices: 14, Edges: 21
  - Degree List: [3, 3, 3, 3, 3, 3, 3, 3, 3, 3, 3, 3, 3, 3]
----------------------------------------
Graph #119:
  - Vertices: 14, Edges: 21
  - Degree List: [3, 3, 3, 3, 3, 3, 3, 3, 3, 3, 3, 3, 3, 3]
----------------------------------------
Graph #120:
  - Vertices: 14, Edges: 21
  - Degree List: [3, 3, 3, 3, 3, 3, 3, 3, 3, 3, 3, 3, 3, 3]
----------------------------------------
Graph #121:
  - Vertices: 14, Edges: 21
  - Degree List: [3, 3, 3, 3, 3, 3, 3, 3, 3, 3, 3, 3, 3, 3]
----------------------------------------
Graph #122:
  - Vertices: 14, Edges: 21
  - Degree List: [3, 3, 3, 3, 3, 3, 3, 3, 3, 3, 3, 3, 3, 3]
----------------------------------------
Graph #123:
  - Vertices: 14, Edges: 21
  - Degree List: [3, 3, 3, 3, 3, 3, 3, 3, 3, 3, 3, 3, 3, 3]
----------------------------------------
Graph #124:
  - Vertices: 14, Edges: 21
  - Degree List: [3, 3, 3, 3, 3, 3, 3, 3, 3, 3, 3, 3, 3, 3]
----------------------------------------
Graph #125:
  - Vertices: 14, Edges: 21
  - Degree List: [3, 3, 3, 3, 3, 3, 3, 3, 3, 3, 3, 3, 3, 3]
----------------------------------------
Graph #126:
  - Vertices: 14, Edges: 21
  - Degree List: [3, 3, 3, 3, 3, 3, 3, 3, 3, 3, 3, 3, 3, 3]
----------------------------------------
Graph #127:
  - Vertices: 14, Edges: 21
  - Degree List: [3, 3, 3, 3, 3, 3, 3, 3, 3, 3, 3, 3, 3, 3]
----------------------------------------
Graph #128:
  - Vertices: 14, Edges: 21
  - Degree List: [3, 3, 3, 3, 3, 3, 3, 3, 3, 3, 3, 3, 3, 3]
----------------------------------------
Graph #129:
  - Vertices: 14, Edges: 21
  - Degree List: [3, 3, 3, 3, 3, 3, 3, 3, 3, 3, 3, 3, 3, 3]
----------------------------------------
Graph #130:
  - Vertices: 14, Edges: 21
  - Degree List: [3, 3, 3, 3, 3, 3, 3, 3, 3, 3, 3, 3, 3, 3]
----------------------------------------
Graph #131:
  - Vertices: 14, Edges: 21
  - Degree List: [3, 3, 3, 3, 3, 3, 3, 3, 3, 3, 3, 3, 3, 3]
----------------------------------------
Graph #132:
  - Vertices: 14, Edges: 21
  - Degree List: [3, 3, 3, 3, 3, 3, 3, 3, 3, 3, 3, 3, 3, 3]
----------------------------------------
Graph #133:
  - Vertices: 14, Edges: 21
  - Degree List: [3, 3, 3, 3, 3, 3, 3, 3, 3, 3, 3, 3, 3, 3]
----------------------------------------
Graph #134:
  - Vertices: 14, Edges: 21
  - Degree List: [3, 3, 3, 3, 3, 3, 3, 3, 3, 3, 3, 3, 3, 3]
----------------------------------------
Graph #135:
  - Vertices: 14, Edges: 21
  - Degree List: [3, 3, 3, 3, 3, 3, 3, 3, 3, 3, 3, 3, 3, 3]
----------------------------------------
Graph #136:
  - Vertices: 14, Edges: 21
  - Degree List: [3, 3, 3, 3, 3, 3, 3, 3, 3, 3, 3, 3, 3, 3]
----------------------------------------
Graph #137:
  - Vertices: 14, Edges: 21
  - Degree List: [3, 3, 3, 3, 3, 3, 3, 3, 3, 3, 3, 3, 3, 3]
----------------------------------------
Graph #138:
  - Vertices: 14, Edges: 21
  - Degree List: [3, 3, 3, 3, 3, 3, 3, 3, 3, 3, 3, 3, 3, 3]
----------------------------------------
Graph #139:
  - Vertices: 14, Edges: 21
  - Degree List: [3, 3, 3, 3, 3, 3, 3, 3, 3, 3, 3, 3, 3, 3]
----------------------------------------
Graph #140:
  - Vertices: 14, Edges: 21
  - Degree List: [3, 3, 3, 3, 3, 3, 3, 3, 3, 3, 3, 3, 3, 3]
----------------------------------------
Graph #141:
  - Vertices: 14, Edges: 21
  - Degree List: [3, 3, 3, 3, 3, 3, 3, 3, 3, 3, 3, 3, 3, 3]
----------------------------------------
Graph #142:
  - Vertices: 14, Edges: 21
  - Degree List: [3, 3, 3, 3, 3, 3, 3, 3, 3, 3, 3, 3, 3, 3]
----------------------------------------
Graph #143:
  - Vertices: 14, Edges: 21
  - Degree List: [3, 3, 3, 3, 3, 3, 3, 3, 3, 3, 3, 3, 3, 3]
----------------------------------------
Graph #144:
  - Vertices: 14, Edges: 21
  - Degree List: [3, 3, 3, 3, 3, 3, 3, 3, 3, 3, 3, 3, 3, 3]
----------------------------------------
Graph #145:
  - Vertices: 14, Edges: 21
  - Degree List: [3, 3, 3, 3, 3, 3, 3, 3, 3, 3, 3, 3, 3, 3]
----------------------------------------
Graph #146:
  - Vertices: 14, Edges: 21
  - Degree List: [3, 3, 3, 3, 3, 3, 3, 3, 3, 3, 3, 3, 3, 3]
----------------------------------------
Graph #147:
  - Vertices: 14, Edges: 21
  - Degree List: [3, 3, 3, 3, 3, 3, 3, 3, 3, 3, 3, 3, 3, 3]
----------------------------------------
Graph #148:
  - Vertices: 14, Edges: 21
  - Degree List: [3, 3, 3, 3, 3, 3, 3, 3, 3, 3, 3, 3, 3, 3]
----------------------------------------
Graph #149:
  - Vertices: 14, Edges: 21
  - Degree List: [3, 3, 3, 3, 3, 3, 3, 3, 3, 3, 3, 3, 3, 3]
----------------------------------------
Graph #150:
  - Vertices: 14, Edges: 21
  - Degree List: [3, 3, 3, 3, 3, 3, 3, 3, 3, 3, 3, 3, 3, 3]
----------------------------------------
Graph #151:
  - Vertices: 14, Edges: 21
  - Degree List: [3, 3, 3, 3, 3, 3, 3, 3, 3, 3, 3, 3, 3, 3]
----------------------------------------
Graph #152:
  - Vertices: 14, Edges: 21
  - Degree List: [3, 3, 3, 3, 3, 3, 3, 3, 3, 3, 3, 3, 3, 3]
----------------------------------------
Graph #153:
  - Vertices: 14, Edges: 21
  - Degree List: [3, 3, 3, 3, 3, 3, 3, 3, 3, 3, 3, 3, 3, 3]
----------------------------------------
Graph #154:
  - Vertices: 14, Edges: 21
  - Degree List: [3, 3, 3, 3, 3, 3, 3, 3, 3, 3, 3, 3, 3, 3]
----------------------------------------
Graph #155:
  - Vertices: 14, Edges: 21
  - Degree List: [3, 3, 3, 3, 3, 3, 3, 3, 3, 3, 3, 3, 3, 3]
----------------------------------------
Graph #156:
  - Vertices: 14, Edges: 21
  - Degree List: [3, 3, 3, 3, 3, 3, 3, 3, 3, 3, 3, 3, 3, 3]
----------------------------------------
Graph #157:
  - Vertices: 14, Edges: 21
  - Degree List: [3, 3, 3, 3, 3, 3, 3, 3, 3, 3, 3, 3, 3, 3]
----------------------------------------
Graph #158:
  - Vertices: 14, Edges: 21
  - Degree List: [3, 3, 3, 3, 3, 3, 3, 3, 3, 3, 3, 3, 3, 3]
----------------------------------------
Graph #159:
  - Vertices: 14, Edges: 21
  - Degree List: [3, 3, 3, 3, 3, 3, 3, 3, 3, 3, 3, 3, 3, 3]
----------------------------------------
Graph #160:
  - Vertices: 14, Edges: 21
  - Degree List: [3, 3, 3, 3, 3, 3, 3, 3, 3, 3, 3, 3, 3, 3]
----------------------------------------
Graph #161:
  - Vertices: 14, Edges: 21
  - Degree List: [3, 3, 3, 3, 3, 3, 3, 3, 3, 3, 3, 3, 3, 3]
----------------------------------------
Graph #162:
  - Vertices: 14, Edges: 21
  - Degree List: [3, 3, 3, 3, 3, 3, 3, 3, 3, 3, 3, 3, 3, 3]
----------------------------------------
Graph #163:
  - Vertices: 14, Edges: 21
  - Degree List: [3, 3, 3, 3, 3, 3, 3, 3, 3, 3, 3, 3, 3, 3]
----------------------------------------
Graph #164:
  - Vertices: 14, Edges: 21
  - Degree List: [3, 3, 3, 3, 3, 3, 3, 3, 3, 3, 3, 3, 3, 3]
----------------------------------------
Graph #165:
  - Vertices: 14, Edges: 21
  - Degree List: [3, 3, 3, 3, 3, 3, 3, 3, 3, 3, 3, 3, 3, 3]
----------------------------------------
Graph #166:
  - Vertices: 14, Edges: 21
  - Degree List: [3, 3, 3, 3, 3, 3, 3, 3, 3, 3, 3, 3, 3, 3]
----------------------------------------
Graph #167:
  - Vertices: 14, Edges: 21
  - Degree List: [3, 3, 3, 3, 3, 3, 3, 3, 3, 3, 3, 3, 3, 3]
----------------------------------------
Graph #168:
  - Vertices: 14, Edges: 21
  - Degree List: [3, 3, 3, 3, 3, 3, 3, 3, 3, 3, 3, 3, 3, 3]
----------------------------------------
Graph #169:
  - Vertices: 14, Edges: 21
  - Degree List: [3, 3, 3, 3, 3, 3, 3, 3, 3, 3, 3, 3, 3, 3]
----------------------------------------
Graph #170:
  - Vertices: 14, Edges: 21
  - Degree List: [3, 3, 3, 3, 3, 3, 3, 3, 3, 3, 3, 3, 3, 3]
----------------------------------------
Graph #171:
  - Vertices: 14, Edges: 21
  - Degree List: [3, 3, 3, 3, 3, 3, 3, 3, 3, 3, 3, 3, 3, 3]
----------------------------------------
Graph #172:
  - Vertices: 14, Edges: 21
  - Degree List: [3, 3, 3, 3, 3, 3, 3, 3, 3, 3, 3, 3, 3, 3]
----------------------------------------
Graph #173:
  - Vertices: 14, Edges: 21
  - Degree List: [3, 3, 3, 3, 3, 3, 3, 3, 3, 3, 3, 3, 3, 3]
----------------------------------------
Graph #174:
  - Vertices: 14, Edges: 21
  - Degree List: [3, 3, 3, 3, 3, 3, 3, 3, 3, 3, 3, 3, 3, 3]
----------------------------------------
Graph #175:
  - Vertices: 14, Edges: 21
  - Degree List: [3, 3, 3, 3, 3, 3, 3, 3, 3, 3, 3, 3, 3, 3]
----------------------------------------
Graph #176:
  - Vertices: 14, Edges: 21
  - Degree List: [3, 3, 3, 3, 3, 3, 3, 3, 3, 3, 3, 3, 3, 3]
----------------------------------------
Graph #177:
  - Vertices: 14, Edges: 21
  - Degree List: [3, 3, 3, 3, 3, 3, 3, 3, 3, 3, 3, 3, 3, 3]
----------------------------------------
Graph #178:
  - Vertices: 14, Edges: 21
  - Degree List: [3, 3, 3, 3, 3, 3, 3, 3, 3, 3, 3, 3, 3, 3]
----------------------------------------
Graph #179:
  - Vertices: 14, Edges: 21
  - Degree List: [3, 3, 3, 3, 3, 3, 3, 3, 3, 3, 3, 3, 3, 3]
----------------------------------------
Graph #180:
  - Vertices: 14, Edges: 21
  - Degree List: [3, 3, 3, 3, 3, 3, 3, 3, 3, 3, 3, 3, 3, 3]
----------------------------------------
Graph #181:
  - Vertices: 14, Edges: 21
  - Degree List: [3, 3, 3, 3, 3, 3, 3, 3, 3, 3, 3, 3, 3, 3]
----------------------------------------
Graph #182:
  - Vertices: 14, Edges: 21
  - Degree List: [3, 3, 3, 3, 3, 3, 3, 3, 3, 3, 3, 3, 3, 3]
----------------------------------------
Graph #183:
  - Vertices: 14, Edges: 21
  - Degree List: [3, 3, 3, 3, 3, 3, 3, 3, 3, 3, 3, 3, 3, 3]
----------------------------------------
Graph #184:
  - Vertices: 14, Edges: 21
  - Degree List: [3, 3, 3, 3, 3, 3, 3, 3, 3, 3, 3, 3, 3, 3]
----------------------------------------
Graph #185:
  - Vertices: 14, Edges: 21
  - Degree List: [3, 3, 3, 3, 3, 3, 3, 3, 3, 3, 3, 3, 3, 3]
----------------------------------------
Graph #186:
  - Vertices: 14, Edges: 21
  - Degree List: [3, 3, 3, 3, 3, 3, 3, 3, 3, 3, 3, 3, 3, 3]
----------------------------------------
Graph #187:
  - Vertices: 14, Edges: 21
  - Degree List: [3, 3, 3, 3, 3, 3, 3, 3, 3, 3, 3, 3, 3, 3]
----------------------------------------
Graph #188:
  - Vertices: 14, Edges: 21
  - Degree List: [3, 3, 3, 3, 3, 3, 3, 3, 3, 3, 3, 3, 3, 3]
----------------------------------------
Graph #189:
  - Vertices: 14, Edges: 21
  - Degree List: [3, 3, 3, 3, 3, 3, 3, 3, 3, 3, 3, 3, 3, 3]
----------------------------------------
Graph #190:
  - Vertices: 14, Edges: 21
  - Degree List: [3, 3, 3, 3, 3, 3, 3, 3, 3, 3, 3, 3, 3, 3]
----------------------------------------
Graph #191:
  - Vertices: 14, Edges: 21
  - Degree List: [3, 3, 3, 3, 3, 3, 3, 3, 3, 3, 3, 3, 3, 3]
----------------------------------------
Graph #192:
  - Vertices: 14, Edges: 21
  - Degree List: [3, 3, 3, 3, 3, 3, 3, 3, 3, 3, 3, 3, 3, 3]
----------------------------------------
Graph #193:
  - Vertices: 14, Edges: 21
  - Degree List: [3, 3, 3, 3, 3, 3, 3, 3, 3, 3, 3, 3, 3, 3]
----------------------------------------
Graph #194:
  - Vertices: 14, Edges: 21
  - Degree List: [3, 3, 3, 3, 3, 3, 3, 3, 3, 3, 3, 3, 3, 3]
----------------------------------------
Graph #195:
  - Vertices: 14, Edges: 21
  - Degree List: [3, 3, 3, 3, 3, 3, 3, 3, 3, 3, 3, 3, 3, 3]
----------------------------------------
Graph #196:
  - Vertices: 14, Edges: 21
  - Degree List: [3, 3, 3, 3, 3, 3, 3, 3, 3, 3, 3, 3, 3, 3]
----------------------------------------
Graph #197:
  - Vertices: 14, Edges: 21
  - Degree List: [3, 3, 3, 3, 3, 3, 3, 3, 3, 3, 3, 3, 3, 3]
----------------------------------------
Graph #198:
  - Vertices: 14, Edges: 21
  - Degree List: [3, 3, 3, 3, 3, 3, 3, 3, 3, 3, 3, 3, 3, 3]
----------------------------------------
Graph #199:
  - Vertices: 14, Edges: 21
  - Degree List: [3, 3, 3, 3, 3, 3, 3, 3, 3, 3, 3, 3, 3, 3]
----------------------------------------
Graph #200:
  - Vertices: 14, Edges: 21
  - Degree List: [3, 3, 3, 3, 3, 3, 3, 3, 3, 3, 3, 3, 3, 3]
----------------------------------------
Graph #201:
  - Vertices: 14, Edges: 21
  - Degree List: [3, 3, 3, 3, 3, 3, 3, 3, 3, 3, 3, 3, 3, 3]
----------------------------------------
Graph #202:
  - Vertices: 14, Edges: 21
  - Degree List: [3, 3, 3, 3, 3, 3, 3, 3, 3, 3, 3, 3, 3, 3]
----------------------------------------
Graph #203:
  - Vertices: 14, Edges: 21
  - Degree List: [3, 3, 3, 3, 3, 3, 3, 3, 3, 3, 3, 3, 3, 3]
----------------------------------------
Graph #204:
  - Vertices: 14, Edges: 21
  - Degree List: [3, 3, 3, 3, 3, 3, 3, 3, 3, 3, 3, 3, 3, 3]
----------------------------------------
Graph #205:
  - Vertices: 14, Edges: 21
  - Degree List: [3, 3, 3, 3, 3, 3, 3, 3, 3, 3, 3, 3, 3, 3]
----------------------------------------
Graph #206:
  - Vertices: 14, Edges: 21
  - Degree List: [3, 3, 3, 3, 3, 3, 3, 3, 3, 3, 3, 3, 3, 3]
----------------------------------------
Graph #207:
  - Vertices: 14, Edges: 21
  - Degree List: [3, 3, 3, 3, 3, 3, 3, 3, 3, 3, 3, 3, 3, 3]
----------------------------------------
Graph #208:
  - Vertices: 14, Edges: 21
  - Degree List: [3, 3, 3, 3, 3, 3, 3, 3, 3, 3, 3, 3, 3, 3]
----------------------------------------
Graph #209:
  - Vertices: 14, Edges: 21
  - Degree List: [3, 3, 3, 3, 3, 3, 3, 3, 3, 3, 3, 3, 3, 3]
----------------------------------------
Graph #210:
  - Vertices: 14, Edges: 21
  - Degree List: [3, 3, 3, 3, 3, 3, 3, 3, 3, 3, 3, 3, 3, 3]
----------------------------------------
Graph #211:
  - Vertices: 14, Edges: 21
  - Degree List: [3, 3, 3, 3, 3, 3, 3, 3, 3, 3, 3, 3, 3, 3]
----------------------------------------
Graph #212:
  - Vertices: 14, Edges: 21
  - Degree List: [3, 3, 3, 3, 3, 3, 3, 3, 3, 3, 3, 3, 3, 3]
----------------------------------------
Graph #213:
  - Vertices: 14, Edges: 21
  - Degree List: [3, 3, 3, 3, 3, 3, 3, 3, 3, 3, 3, 3, 3, 3]
----------------------------------------
Graph #214:
  - Vertices: 14, Edges: 21
  - Degree List: [3, 3, 3, 3, 3, 3, 3, 3, 3, 3, 3, 3, 3, 3]
----------------------------------------
Graph #215:
  - Vertices: 14, Edges: 21
  - Degree List: [3, 3, 3, 3, 3, 3, 3, 3, 3, 3, 3, 3, 3, 3]
----------------------------------------
Graph #216:
  - Vertices: 14, Edges: 21
  - Degree List: [3, 3, 3, 3, 3, 3, 3, 3, 3, 3, 3, 3, 3, 3]
----------------------------------------
Graph #217:
  - Vertices: 14, Edges: 21
  - Degree List: [3, 3, 3, 3, 3, 3, 3, 3, 3, 3, 3, 3, 3, 3]
----------------------------------------
Graph #218:
  - Vertices: 14, Edges: 21
  - Degree List: [3, 3, 3, 3, 3, 3, 3, 3, 3, 3, 3, 3, 3, 3]
----------------------------------------
Graph #219:
  - Vertices: 14, Edges: 21
  - Degree List: [3, 3, 3, 3, 3, 3, 3, 3, 3, 3, 3, 3, 3, 3]
----------------------------------------
Graph #220:
  - Vertices: 14, Edges: 21
  - Degree List: [3, 3, 3, 3, 3, 3, 3, 3, 3, 3, 3, 3, 3, 3]
----------------------------------------
Graph #221:
  - Vertices: 14, Edges: 21
  - Degree List: [3, 3, 3, 3, 3, 3, 3, 3, 3, 3, 3, 3, 3, 3]
----------------------------------------
Graph #222:
  - Vertices: 14, Edges: 21
  - Degree List: [3, 3, 3, 3, 3, 3, 3, 3, 3, 3, 3, 3, 3, 3]
----------------------------------------
Graph #223:
  - Vertices: 14, Edges: 21
  - Degree List: [3, 3, 3, 3, 3, 3, 3, 3, 3, 3, 3, 3, 3, 3]
----------------------------------------
Graph #224:
  - Vertices: 14, Edges: 21
  - Degree List: [3, 3, 3, 3, 3, 3, 3, 3, 3, 3, 3, 3, 3, 3]
----------------------------------------
Graph #225:
  - Vertices: 14, Edges: 21
  - Degree List: [3, 3, 3, 3, 3, 3, 3, 3, 3, 3, 3, 3, 3, 3]
----------------------------------------
Graph #226:
  - Vertices: 14, Edges: 21
  - Degree List: [3, 3, 3, 3, 3, 3, 3, 3, 3, 3, 3, 3, 3, 3]
----------------------------------------
Graph #227:
  - Vertices: 14, Edges: 21
  - Degree List: [3, 3, 3, 3, 3, 3, 3, 3, 3, 3, 3, 3, 3, 3]
----------------------------------------
Graph #228:
  - Vertices: 14, Edges: 21
  - Degree List: [3, 3, 3, 3, 3, 3, 3, 3, 3, 3, 3, 3, 3, 3]
----------------------------------------
Graph #229:
  - Vertices: 14, Edges: 21
  - Degree List: [3, 3, 3, 3, 3, 3, 3, 3, 3, 3, 3, 3, 3, 3]
----------------------------------------
Graph #230:
  - Vertices: 14, Edges: 21
  - Degree List: [3, 3, 3, 3, 3, 3, 3, 3, 3, 3, 3, 3, 3, 3]
----------------------------------------
Graph #231:
  - Vertices: 14, Edges: 21
  - Degree List: [3, 3, 3, 3, 3, 3, 3, 3, 3, 3, 3, 3, 3, 3]
----------------------------------------
Graph #232:
  - Vertices: 14, Edges: 21
  - Degree List: [3, 3, 3, 3, 3, 3, 3, 3, 3, 3, 3, 3, 3, 3]
----------------------------------------
Graph #233:
  - Vertices: 14, Edges: 21
  - Degree List: [3, 3, 3, 3, 3, 3, 3, 3, 3, 3, 3, 3, 3, 3]
----------------------------------------
Graph #234:
  - Vertices: 14, Edges: 21
  - Degree List: [3, 3, 3, 3, 3, 3, 3, 3, 3, 3, 3, 3, 3, 3]
----------------------------------------
Graph #235:
  - Vertices: 14, Edges: 21
  - Degree List: [3, 3, 3, 3, 3, 3, 3, 3, 3, 3, 3, 3, 3, 3]
----------------------------------------
Graph #236:
  - Vertices: 14, Edges: 21
  - Degree List: [3, 3, 3, 3, 3, 3, 3, 3, 3, 3, 3, 3, 3, 3]
----------------------------------------
Graph #237:
  - Vertices: 14, Edges: 21
  - Degree List: [3, 3, 3, 3, 3, 3, 3, 3, 3, 3, 3, 3, 3, 3]
----------------------------------------
Graph #238:
  - Vertices: 14, Edges: 21
  - Degree List: [3, 3, 3, 3, 3, 3, 3, 3, 3, 3, 3, 3, 3, 3]
----------------------------------------
Graph #239:
  - Vertices: 14, Edges: 21
  - Degree List: [3, 3, 3, 3, 3, 3, 3, 3, 3, 3, 3, 3, 3, 3]
----------------------------------------
Graph #240:
  - Vertices: 14, Edges: 21
  - Degree List: [3, 3, 3, 3, 3, 3, 3, 3, 3, 3, 3, 3, 3, 3]
----------------------------------------
Graph #241:
  - Vertices: 14, Edges: 21
  - Degree List: [3, 3, 3, 3, 3, 3, 3, 3, 3, 3, 3, 3, 3, 3]
----------------------------------------
Graph #242:
  - Vertices: 14, Edges: 21
  - Degree List: [3, 3, 3, 3, 3, 3, 3, 3, 3, 3, 3, 3, 3, 3]
----------------------------------------
Graph #243:
  - Vertices: 14, Edges: 21
  - Degree List: [3, 3, 3, 3, 3, 3, 3, 3, 3, 3, 3, 3, 3, 3]
----------------------------------------
Graph #244:
  - Vertices: 14, Edges: 21
  - Degree List: [3, 3, 3, 3, 3, 3, 3, 3, 3, 3, 3, 3, 3, 3]
----------------------------------------
Graph #245:
  - Vertices: 14, Edges: 21
  - Degree List: [3, 3, 3, 3, 3, 3, 3, 3, 3, 3, 3, 3, 3, 3]
----------------------------------------
Graph #246:
  - Vertices: 14, Edges: 21
  - Degree List: [3, 3, 3, 3, 3, 3, 3, 3, 3, 3, 3, 3, 3, 3]
----------------------------------------
Graph #247:
  - Vertices: 14, Edges: 21
  - Degree List: [3, 3, 3, 3, 3, 3, 3, 3, 3, 3, 3, 3, 3, 3]
----------------------------------------
Graph #248:
  - Vertices: 14, Edges: 21
  - Degree List: [3, 3, 3, 3, 3, 3, 3, 3, 3, 3, 3, 3, 3, 3]
----------------------------------------
Graph #249:
  - Vertices: 14, Edges: 21
  - Degree List: [3, 3, 3, 3, 3, 3, 3, 3, 3, 3, 3, 3, 3, 3]
----------------------------------------
Graph #250:
  - Vertices: 14, Edges: 21
  - Degree List: [3, 3, 3, 3, 3, 3, 3, 3, 3, 3, 3, 3, 3, 3]
----------------------------------------
Graph #251:
  - Vertices: 14, Edges: 21
  - Degree List: [3, 3, 3, 3, 3, 3, 3, 3, 3, 3, 3, 3, 3, 3]
----------------------------------------
Graph #252:
  - Vertices: 14, Edges: 21
  - Degree List: [3, 3, 3, 3, 3, 3, 3, 3, 3, 3, 3, 3, 3, 3]
----------------------------------------
Graph #253:
  - Vertices: 14, Edges: 21
  - Degree List: [3, 3, 3, 3, 3, 3, 3, 3, 3, 3, 3, 3, 3, 3]
----------------------------------------
Graph #254:
  - Vertices: 14, Edges: 21
  - Degree List: [3, 3, 3, 3, 3, 3, 3, 3, 3, 3, 3, 3, 3, 3]
----------------------------------------
Graph #255:
  - Vertices: 14, Edges: 21
  - Degree List: [3, 3, 3, 3, 3, 3, 3, 3, 3, 3, 3, 3, 3, 3]
----------------------------------------
Graph #256:
  - Vertices: 14, Edges: 21
  - Degree List: [3, 3, 3, 3, 3, 3, 3, 3, 3, 3, 3, 3, 3, 3]
----------------------------------------
Graph #257:
  - Vertices: 14, Edges: 21
  - Degree List: [3, 3, 3, 3, 3, 3, 3, 3, 3, 3, 3, 3, 3, 3]
----------------------------------------
Graph #258:
  - Vertices: 14, Edges: 21
  - Degree List: [3, 3, 3, 3, 3, 3, 3, 3, 3, 3, 3, 3, 3, 3]
----------------------------------------
Graph #259:
  - Vertices: 14, Edges: 21
  - Degree List: [3, 3, 3, 3, 3, 3, 3, 3, 3, 3, 3, 3, 3, 3]
----------------------------------------
Graph #260:
  - Vertices: 14, Edges: 21
  - Degree List: [3, 3, 3, 3, 3, 3, 3, 3, 3, 3, 3, 3, 3, 3]
----------------------------------------
Graph #261:
  - Vertices: 14, Edges: 21
  - Degree List: [3, 3, 3, 3, 3, 3, 3, 3, 3, 3, 3, 3, 3, 3]
----------------------------------------
Graph #262:
  - Vertices: 14, Edges: 21
  - Degree List: [3, 3, 3, 3, 3, 3, 3, 3, 3, 3, 3, 3, 3, 3]
----------------------------------------
Graph #263:
  - Vertices: 14, Edges: 21
  - Degree List: [3, 3, 3, 3, 3, 3, 3, 3, 3, 3, 3, 3, 3, 3]
----------------------------------------
Graph #264:
  - Vertices: 14, Edges: 21
  - Degree List: [3, 3, 3, 3, 3, 3, 3, 3, 3, 3, 3, 3, 3, 3]
----------------------------------------
Graph #265:
  - Vertices: 14, Edges: 21
  - Degree List: [3, 3, 3, 3, 3, 3, 3, 3, 3, 3, 3, 3, 3, 3]
----------------------------------------
Graph #266:
  - Vertices: 14, Edges: 21
  - Degree List: [3, 3, 3, 3, 3, 3, 3, 3, 3, 3, 3, 3, 3, 3]
----------------------------------------
Graph #267:
  - Vertices: 14, Edges: 21
  - Degree List: [3, 3, 3, 3, 3, 3, 3, 3, 3, 3, 3, 3, 3, 3]
----------------------------------------
Graph #268:
  - Vertices: 14, Edges: 21
  - Degree List: [3, 3, 3, 3, 3, 3, 3, 3, 3, 3, 3, 3, 3, 3]
----------------------------------------
Graph #269:
  - Vertices: 14, Edges: 21
  - Degree List: [3, 3, 3, 3, 3, 3, 3, 3, 3, 3, 3, 3, 3, 3]
----------------------------------------
Graph #270:
  - Vertices: 14, Edges: 21
  - Degree List: [3, 3, 3, 3, 3, 3, 3, 3, 3, 3, 3, 3, 3, 3]
----------------------------------------
Graph #271:
  - Vertices: 14, Edges: 21
  - Degree List: [3, 3, 3, 3, 3, 3, 3, 3, 3, 3, 3, 3, 3, 3]
----------------------------------------
Graph #272:
  - Vertices: 14, Edges: 21
  - Degree List: [3, 3, 3, 3, 3, 3, 3, 3, 3, 3, 3, 3, 3, 3]
----------------------------------------
Graph #273:
  - Vertices: 14, Edges: 21
  - Degree List: [3, 3, 3, 3, 3, 3, 3, 3, 3, 3, 3, 3, 3, 3]
----------------------------------------
Graph #274:
  - Vertices: 14, Edges: 21
  - Degree List: [3, 3, 3, 3, 3, 3, 3, 3, 3, 3, 3, 3, 3, 3]
----------------------------------------
Graph #275:
  - Vertices: 14, Edges: 21
  - Degree List: [3, 3, 3, 3, 3, 3, 3, 3, 3, 3, 3, 3, 3, 3]
----------------------------------------
Graph #276:
  - Vertices: 14, Edges: 21
  - Degree List: [3, 3, 3, 3, 3, 3, 3, 3, 3, 3, 3, 3, 3, 3]
----------------------------------------
Graph #277:
  - Vertices: 14, Edges: 21
  - Degree List: [3, 3, 3, 3, 3, 3, 3, 3, 3, 3, 3, 3, 3, 3]
----------------------------------------
Graph #278:
  - Vertices: 14, Edges: 21
  - Degree List: [3, 3, 3, 3, 3, 3, 3, 3, 3, 3, 3, 3, 3, 3]
----------------------------------------
Graph #279:
  - Vertices: 14, Edges: 21
  - Degree List: [3, 3, 3, 3, 3, 3, 3, 3, 3, 3, 3, 3, 3, 3]
SECOND GONALITY SAVINGS, 8 -> 7
Graph(V=14, E=21, Edges=[(1, 6), (1, 9), (1, 10), (2, 7), (2, 10), (2, 11), (3, 8), (3, 11), (3, 12), (4, 9), (4, 10), (4, 12), (5, 9), (5, 13), (5, 14), (6, 13), (6, 14), (7, 11), (7, 13), (8, 12), (8, 14)])
----------------------------------------
Graph #280:
  - Vertices: 14, Edges: 21
  - Degree List: [3, 3, 3, 3, 3, 3, 3, 3, 3, 3, 3, 3, 3, 3]
----------------------------------------
Graph #281:
  - Vertices: 14, Edges: 21
  - Degree List: [3, 3, 3, 3, 3, 3, 3, 3, 3, 3, 3, 3, 3, 3]
----------------------------------------
Graph #282:
  - Vertices: 14, Edges: 21
  - Degree List: [3, 3, 3, 3, 3, 3, 3, 3, 3, 3, 3, 3, 3, 3]
----------------------------------------
Graph #283:
  - Vertices: 14, Edges: 21
  - Degree List: [3, 3, 3, 3, 3, 3, 3, 3, 3, 3, 3, 3, 3, 3]
----------------------------------------
Graph #284:
  - Vertices: 14, Edges: 21
  - Degree List: [3, 3, 3, 3, 3, 3, 3, 3, 3, 3, 3, 3, 3, 3]
----------------------------------------
Graph #285:
  - Vertices: 14, Edges: 21
  - Degree List: [3, 3, 3, 3, 3, 3, 3, 3, 3, 3, 3, 3, 3, 3]
----------------------------------------
Graph #286:
  - Vertices: 14, Edges: 21
  - Degree List: [3, 3, 3, 3, 3, 3, 3, 3, 3, 3, 3, 3, 3, 3]
----------------------------------------
Graph #287:
  - Vertices: 14, Edges: 21
  - Degree List: [3, 3, 3, 3, 3, 3, 3, 3, 3, 3, 3, 3, 3, 3]
----------------------------------------
Graph #288:
  - Vertices: 14, Edges: 21
  - Degree List: [3, 3, 3, 3, 3, 3, 3, 3, 3, 3, 3, 3, 3, 3]
----------------------------------------
Graph #289:
  - Vertices: 14, Edges: 21
  - Degree List: [3, 3, 3, 3, 3, 3, 3, 3, 3, 3, 3, 3, 3, 3]
----------------------------------------
Graph #290:
  - Vertices: 14, Edges: 21
  - Degree List: [3, 3, 3, 3, 3, 3, 3, 3, 3, 3, 3, 3, 3, 3]
----------------------------------------
Graph #291:
  - Vertices: 14, Edges: 21
  - Degree List: [3, 3, 3, 3, 3, 3, 3, 3, 3, 3, 3, 3, 3, 3]
----------------------------------------
Graph #292:
  - Vertices: 14, Edges: 21
  - Degree List: [3, 3, 3, 3, 3, 3, 3, 3, 3, 3, 3, 3, 3, 3]
----------------------------------------
Graph #293:
  - Vertices: 14, Edges: 21
  - Degree List: [3, 3, 3, 3, 3, 3, 3, 3, 3, 3, 3, 3, 3, 3]
----------------------------------------
Graph #294:
  - Vertices: 14, Edges: 21
  - Degree List: [3, 3, 3, 3, 3, 3, 3, 3, 3, 3, 3, 3, 3, 3]
----------------------------------------
Graph #295:
  - Vertices: 14, Edges: 21
  - Degree List: [3, 3, 3, 3, 3, 3, 3, 3, 3, 3, 3, 3, 3, 3]
----------------------------------------
Graph #296:
  - Vertices: 14, Edges: 21
  - Degree List: [3, 3, 3, 3, 3, 3, 3, 3, 3, 3, 3, 3, 3, 3]
----------------------------------------
Graph #297:
  - Vertices: 14, Edges: 21
  - Degree List: [3, 3, 3, 3, 3, 3, 3, 3, 3, 3, 3, 3, 3, 3]
----------------------------------------
Graph #298:
  - Vertices: 14, Edges: 21
  - Degree List: [3, 3, 3, 3, 3, 3, 3, 3, 3, 3, 3, 3, 3, 3]
----------------------------------------
Graph #299:
  - Vertices: 14, Edges: 21
  - Degree List: [3, 3, 3, 3, 3, 3, 3, 3, 3, 3, 3, 3, 3, 3]
----------------------------------------
Graph #300:
  - Vertices: 14, Edges: 21
  - Degree List: [3, 3, 3, 3, 3, 3, 3, 3, 3, 3, 3, 3, 3, 3]
----------------------------------------
Graph #301:
  - Vertices: 14, Edges: 21
  - Degree List: [3, 3, 3, 3, 3, 3, 3, 3, 3, 3, 3, 3, 3, 3]
----------------------------------------
Graph #302:
  - Vertices: 14, Edges: 21
  - Degree List: [3, 3, 3, 3, 3, 3, 3, 3, 3, 3, 3, 3, 3, 3]
----------------------------------------
Graph #303:
  - Vertices: 14, Edges: 21
  - Degree List: [3, 3, 3, 3, 3, 3, 3, 3, 3, 3, 3, 3, 3, 3]
----------------------------------------
Graph #304:
  - Vertices: 14, Edges: 21
  - Degree List: [3, 3, 3, 3, 3, 3, 3, 3, 3, 3, 3, 3, 3, 3]
----------------------------------------
Graph #305:
  - Vertices: 14, Edges: 21
  - Degree List: [3, 3, 3, 3, 3, 3, 3, 3, 3, 3, 3, 3, 3, 3]
----------------------------------------
Graph #306:
  - Vertices: 14, Edges: 21
  - Degree List: [3, 3, 3, 3, 3, 3, 3, 3, 3, 3, 3, 3, 3, 3]
----------------------------------------
Graph #307:
  - Vertices: 14, Edges: 21
  - Degree List: [3, 3, 3, 3, 3, 3, 3, 3, 3, 3, 3, 3, 3, 3]
----------------------------------------
Graph #308:
  - Vertices: 14, Edges: 21
  - Degree List: [3, 3, 3, 3, 3, 3, 3, 3, 3, 3, 3, 3, 3, 3]
----------------------------------------
Graph #309:
  - Vertices: 14, Edges: 21
  - Degree List: [3, 3, 3, 3, 3, 3, 3, 3, 3, 3, 3, 3, 3, 3]
----------------------------------------
Graph #310:
  - Vertices: 14, Edges: 21
  - Degree List: [3, 3, 3, 3, 3, 3, 3, 3, 3, 3, 3, 3, 3, 3]
----------------------------------------
Graph #311:
  - Vertices: 14, Edges: 21
  - Degree List: [3, 3, 3, 3, 3, 3, 3, 3, 3, 3, 3, 3, 3, 3]
----------------------------------------
Graph #312:
  - Vertices: 14, Edges: 21
  - Degree List: [3, 3, 3, 3, 3, 3, 3, 3, 3, 3, 3, 3, 3, 3]
----------------------------------------
Graph #313:
  - Vertices: 14, Edges: 21
  - Degree List: [3, 3, 3, 3, 3, 3, 3, 3, 3, 3, 3, 3, 3, 3]
----------------------------------------
Graph #314:
  - Vertices: 14, Edges: 21
  - Degree List: [3, 3, 3, 3, 3, 3, 3, 3, 3, 3, 3, 3, 3, 3]
----------------------------------------
Graph #315:
  - Vertices: 14, Edges: 21
  - Degree List: [3, 3, 3, 3, 3, 3, 3, 3, 3, 3, 3, 3, 3, 3]
----------------------------------------
Graph #316:
  - Vertices: 14, Edges: 21
  - Degree List: [3, 3, 3, 3, 3, 3, 3, 3, 3, 3, 3, 3, 3, 3]
----------------------------------------
Graph #317:
  - Vertices: 14, Edges: 21
  - Degree List: [3, 3, 3, 3, 3, 3, 3, 3, 3, 3, 3, 3, 3, 3]
----------------------------------------
Graph #318:
  - Vertices: 14, Edges: 21
  - Degree List: [3, 3, 3, 3, 3, 3, 3, 3, 3, 3, 3, 3, 3, 3]
----------------------------------------
Graph #319:
  - Vertices: 14, Edges: 21
  - Degree List: [3, 3, 3, 3, 3, 3, 3, 3, 3, 3, 3, 3, 3, 3]
----------------------------------------
Graph #320:
  - Vertices: 14, Edges: 21
  - Degree List: [3, 3, 3, 3, 3, 3, 3, 3, 3, 3, 3, 3, 3, 3]
----------------------------------------
Graph #321:
  - Vertices: 14, Edges: 21
  - Degree List: [3, 3, 3, 3, 3, 3, 3, 3, 3, 3, 3, 3, 3, 3]
----------------------------------------
Graph #322:
  - Vertices: 14, Edges: 21
  - Degree List: [3, 3, 3, 3, 3, 3, 3, 3, 3, 3, 3, 3, 3, 3]
----------------------------------------
Graph #323:
  - Vertices: 14, Edges: 21
  - Degree List: [3, 3, 3, 3, 3, 3, 3, 3, 3, 3, 3, 3, 3, 3]
----------------------------------------
Graph #324:
  - Vertices: 14, Edges: 21
  - Degree List: [3, 3, 3, 3, 3, 3, 3, 3, 3, 3, 3, 3, 3, 3]
----------------------------------------
Graph #325:
  - Vertices: 14, Edges: 21
  - Degree List: [3, 3, 3, 3, 3, 3, 3, 3, 3, 3, 3, 3, 3, 3]
----------------------------------------
Graph #326:
  - Vertices: 14, Edges: 21
  - Degree List: [3, 3, 3, 3, 3, 3, 3, 3, 3, 3, 3, 3, 3, 3]
----------------------------------------
Graph #327:
  - Vertices: 14, Edges: 21
  - Degree List: [3, 3, 3, 3, 3, 3, 3, 3, 3, 3, 3, 3, 3, 3]
----------------------------------------
Graph #328:
  - Vertices: 14, Edges: 21
  - Degree List: [3, 3, 3, 3, 3, 3, 3, 3, 3, 3, 3, 3, 3, 3]
SECOND GONALITY SAVINGS, 8 -> 7
Graph(V=14, E=21, Edges=[(1, 6), (1, 9), (1, 10), (2, 7), (2, 9), (2, 11), (3, 8), (3, 10), (3, 11), (4, 12), (4, 13), (4, 14), (5, 12), (5, 13), (5, 14), (6, 9), (6, 12), (7, 11), (7, 13), (8, 10), (8, 14)])
----------------------------------------
Graph #329:
  - Vertices: 14, Edges: 21
  - Degree List: [3, 3, 3, 3, 3, 3, 3, 3, 3, 3, 3, 3, 3, 3]
----------------------------------------
Graph #330:
  - Vertices: 14, Edges: 21
  - Degree List: [3, 3, 3, 3, 3, 3, 3, 3, 3, 3, 3, 3, 3, 3]
----------------------------------------
Graph #331:
  - Vertices: 14, Edges: 21
  - Degree List: [3, 3, 3, 3, 3, 3, 3, 3, 3, 3, 3, 3, 3, 3]
----------------------------------------
Graph #332:
  - Vertices: 14, Edges: 21
  - Degree List: [3, 3, 3, 3, 3, 3, 3, 3, 3, 3, 3, 3, 3, 3]
----------------------------------------
Graph #333:
  - Vertices: 14, Edges: 21
  - Degree List: [3, 3, 3, 3, 3, 3, 3, 3, 3, 3, 3, 3, 3, 3]
----------------------------------------
Graph #334:
  - Vertices: 14, Edges: 21
  - Degree List: [3, 3, 3, 3, 3, 3, 3, 3, 3, 3, 3, 3, 3, 3]
----------------------------------------
Graph #335:
  - Vertices: 14, Edges: 21
  - Degree List: [3, 3, 3, 3, 3, 3, 3, 3, 3, 3, 3, 3, 3, 3]
----------------------------------------
Graph #336:
  - Vertices: 14, Edges: 21
  - Degree List: [3, 3, 3, 3, 3, 3, 3, 3, 3, 3, 3, 3, 3, 3]
----------------------------------------
Graph #337:
  - Vertices: 14, Edges: 21
  - Degree List: [3, 3, 3, 3, 3, 3, 3, 3, 3, 3, 3, 3, 3, 3]
----------------------------------------
Graph #338:
  - Vertices: 14, Edges: 21
  - Degree List: [3, 3, 3, 3, 3, 3, 3, 3, 3, 3, 3, 3, 3, 3]
----------------------------------------
Graph #339:
  - Vertices: 14, Edges: 21
  - Degree List: [3, 3, 3, 3, 3, 3, 3, 3, 3, 3, 3, 3, 3, 3]
----------------------------------------
Graph #340:
  - Vertices: 14, Edges: 21
  - Degree List: [3, 3, 3, 3, 3, 3, 3, 3, 3, 3, 3, 3, 3, 3]
----------------------------------------
Graph #341:
  - Vertices: 14, Edges: 21
  - Degree List: [3, 3, 3, 3, 3, 3, 3, 3, 3, 3, 3, 3, 3, 3]
----------------------------------------
Graph #342:
  - Vertices: 14, Edges: 21
  - Degree List: [3, 3, 3, 3, 3, 3, 3, 3, 3, 3, 3, 3, 3, 3]
----------------------------------------
Graph #343:
  - Vertices: 14, Edges: 21
  - Degree List: [3, 3, 3, 3, 3, 3, 3, 3, 3, 3, 3, 3, 3, 3]
----------------------------------------
Graph #344:
  - Vertices: 14, Edges: 21
  - Degree List: [3, 3, 3, 3, 3, 3, 3, 3, 3, 3, 3, 3, 3, 3]
----------------------------------------
Graph #345:
  - Vertices: 14, Edges: 21
  - Degree List: [3, 3, 3, 3, 3, 3, 3, 3, 3, 3, 3, 3, 3, 3]
----------------------------------------
Graph #346:
  - Vertices: 14, Edges: 21
  - Degree List: [3, 3, 3, 3, 3, 3, 3, 3, 3, 3, 3, 3, 3, 3]
----------------------------------------
Graph #347:
  - Vertices: 14, Edges: 21
  - Degree List: [3, 3, 3, 3, 3, 3, 3, 3, 3, 3, 3, 3, 3, 3]
----------------------------------------
Graph #348:
  - Vertices: 14, Edges: 21
  - Degree List: [3, 3, 3, 3, 3, 3, 3, 3, 3, 3, 3, 3, 3, 3]
----------------------------------------
Graph #349:
  - Vertices: 14, Edges: 21
  - Degree List: [3, 3, 3, 3, 3, 3, 3, 3, 3, 3, 3, 3, 3, 3]
----------------------------------------
Graph #350:
  - Vertices: 14, Edges: 21
  - Degree List: [3, 3, 3, 3, 3, 3, 3, 3, 3, 3, 3, 3, 3, 3]
----------------------------------------
Graph #351:
  - Vertices: 14, Edges: 21
  - Degree List: [3, 3, 3, 3, 3, 3, 3, 3, 3, 3, 3, 3, 3, 3]
----------------------------------------
Graph #352:
  - Vertices: 14, Edges: 21
  - Degree List: [3, 3, 3, 3, 3, 3, 3, 3, 3, 3, 3, 3, 3, 3]
----------------------------------------
Graph #353:
  - Vertices: 14, Edges: 21
  - Degree List: [3, 3, 3, 3, 3, 3, 3, 3, 3, 3, 3, 3, 3, 3]
----------------------------------------
Graph #354:
  - Vertices: 14, Edges: 21
  - Degree List: [3, 3, 3, 3, 3, 3, 3, 3, 3, 3, 3, 3, 3, 3]
----------------------------------------
Graph #355:
  - Vertices: 14, Edges: 21
  - Degree List: [3, 3, 3, 3, 3, 3, 3, 3, 3, 3, 3, 3, 3, 3]
----------------------------------------
Graph #356:
  - Vertices: 14, Edges: 21
  - Degree List: [3, 3, 3, 3, 3, 3, 3, 3, 3, 3, 3, 3, 3, 3]
----------------------------------------
Graph #357:
  - Vertices: 14, Edges: 21
  - Degree List: [3, 3, 3, 3, 3, 3, 3, 3, 3, 3, 3, 3, 3, 3]
----------------------------------------
Graph #358:
  - Vertices: 14, Edges: 21
  - Degree List: [3, 3, 3, 3, 3, 3, 3, 3, 3, 3, 3, 3, 3, 3]
----------------------------------------
Graph #359:
  - Vertices: 14, Edges: 21
  - Degree List: [3, 3, 3, 3, 3, 3, 3, 3, 3, 3, 3, 3, 3, 3]
----------------------------------------
Graph #360:
  - Vertices: 14, Edges: 21
  - Degree List: [3, 3, 3, 3, 3, 3, 3, 3, 3, 3, 3, 3, 3, 3]
----------------------------------------
Graph #361:
  - Vertices: 14, Edges: 21
  - Degree List: [3, 3, 3, 3, 3, 3, 3, 3, 3, 3, 3, 3, 3, 3]
----------------------------------------
Graph #362:
  - Vertices: 14, Edges: 21
  - Degree List: [3, 3, 3, 3, 3, 3, 3, 3, 3, 3, 3, 3, 3, 3]
----------------------------------------
Graph #363:
  - Vertices: 14, Edges: 21
  - Degree List: [3, 3, 3, 3, 3, 3, 3, 3, 3, 3, 3, 3, 3, 3]
----------------------------------------
Graph #364:
  - Vertices: 14, Edges: 21
  - Degree List: [3, 3, 3, 3, 3, 3, 3, 3, 3, 3, 3, 3, 3, 3]
----------------------------------------
Graph #365:
  - Vertices: 14, Edges: 21
  - Degree List: [3, 3, 3, 3, 3, 3, 3, 3, 3, 3, 3, 3, 3, 3]
----------------------------------------
Graph #366:
  - Vertices: 14, Edges: 21
  - Degree List: [3, 3, 3, 3, 3, 3, 3, 3, 3, 3, 3, 3, 3, 3]
----------------------------------------
Graph #367:
  - Vertices: 14, Edges: 21
  - Degree List: [3, 3, 3, 3, 3, 3, 3, 3, 3, 3, 3, 3, 3, 3]
----------------------------------------
Graph #368:
  - Vertices: 14, Edges: 21
  - Degree List: [3, 3, 3, 3, 3, 3, 3, 3, 3, 3, 3, 3, 3, 3]
----------------------------------------
Graph #369:
  - Vertices: 14, Edges: 21
  - Degree List: [3, 3, 3, 3, 3, 3, 3, 3, 3, 3, 3, 3, 3, 3]
----------------------------------------
Graph #370:
  - Vertices: 14, Edges: 21
  - Degree List: [3, 3, 3, 3, 3, 3, 3, 3, 3, 3, 3, 3, 3, 3]
----------------------------------------
Graph #371:
  - Vertices: 14, Edges: 21
  - Degree List: [3, 3, 3, 3, 3, 3, 3, 3, 3, 3, 3, 3, 3, 3]
----------------------------------------
Graph #372:
  - Vertices: 14, Edges: 21
  - Degree List: [3, 3, 3, 3, 3, 3, 3, 3, 3, 3, 3, 3, 3, 3]
----------------------------------------
Graph #373:
  - Vertices: 14, Edges: 21
  - Degree List: [3, 3, 3, 3, 3, 3, 3, 3, 3, 3, 3, 3, 3, 3]
----------------------------------------
Graph #374:
  - Vertices: 14, Edges: 21
  - Degree List: [3, 3, 3, 3, 3, 3, 3, 3, 3, 3, 3, 3, 3, 3]
----------------------------------------
Graph #375:
  - Vertices: 14, Edges: 21
  - Degree List: [3, 3, 3, 3, 3, 3, 3, 3, 3, 3, 3, 3, 3, 3]
----------------------------------------
Graph #376:
  - Vertices: 14, Edges: 21
  - Degree List: [3, 3, 3, 3, 3, 3, 3, 3, 3, 3, 3, 3, 3, 3]
----------------------------------------
Graph #377:
  - Vertices: 14, Edges: 21
  - Degree List: [3, 3, 3, 3, 3, 3, 3, 3, 3, 3, 3, 3, 3, 3]
----------------------------------------
Graph #378:
  - Vertices: 14, Edges: 21
  - Degree List: [3, 3, 3, 3, 3, 3, 3, 3, 3, 3, 3, 3, 3, 3]
----------------------------------------
Graph #379:
  - Vertices: 14, Edges: 21
  - Degree List: [3, 3, 3, 3, 3, 3, 3, 3, 3, 3, 3, 3, 3, 3]
----------------------------------------
Graph #380:
  - Vertices: 14, Edges: 21
  - Degree List: [3, 3, 3, 3, 3, 3, 3, 3, 3, 3, 3, 3, 3, 3]
----------------------------------------
Graph #381:
  - Vertices: 14, Edges: 21
  - Degree List: [3, 3, 3, 3, 3, 3, 3, 3, 3, 3, 3, 3, 3, 3]
----------------------------------------
Graph #382:
  - Vertices: 14, Edges: 21
  - Degree List: [3, 3, 3, 3, 3, 3, 3, 3, 3, 3, 3, 3, 3, 3]
----------------------------------------
Graph #383:
  - Vertices: 14, Edges: 21
  - Degree List: [3, 3, 3, 3, 3, 3, 3, 3, 3, 3, 3, 3, 3, 3]
----------------------------------------
Graph #384:
  - Vertices: 14, Edges: 21
  - Degree List: [3, 3, 3, 3, 3, 3, 3, 3, 3, 3, 3, 3, 3, 3]
----------------------------------------
Graph #385:
  - Vertices: 14, Edges: 21
  - Degree List: [3, 3, 3, 3, 3, 3, 3, 3, 3, 3, 3, 3, 3, 3]
----------------------------------------
Graph #386:
  - Vertices: 14, Edges: 21
  - Degree List: [3, 3, 3, 3, 3, 3, 3, 3, 3, 3, 3, 3, 3, 3]
----------------------------------------
Graph #387:
  - Vertices: 14, Edges: 21
  - Degree List: [3, 3, 3, 3, 3, 3, 3, 3, 3, 3, 3, 3, 3, 3]
----------------------------------------
Graph #388:
  - Vertices: 14, Edges: 21
  - Degree List: [3, 3, 3, 3, 3, 3, 3, 3, 3, 3, 3, 3, 3, 3]
----------------------------------------
Graph #389:
  - Vertices: 14, Edges: 21
  - Degree List: [3, 3, 3, 3, 3, 3, 3, 3, 3, 3, 3, 3, 3, 3]
----------------------------------------
Graph #390:
  - Vertices: 14, Edges: 21
  - Degree List: [3, 3, 3, 3, 3, 3, 3, 3, 3, 3, 3, 3, 3, 3]
----------------------------------------
Graph #391:
  - Vertices: 14, Edges: 21
  - Degree List: [3, 3, 3, 3, 3, 3, 3, 3, 3, 3, 3, 3, 3, 3]
----------------------------------------
Graph #392:
  - Vertices: 14, Edges: 21
  - Degree List: [3, 3, 3, 3, 3, 3, 3, 3, 3, 3, 3, 3, 3, 3]
----------------------------------------
Graph #393:
  - Vertices: 14, Edges: 21
  - Degree List: [3, 3, 3, 3, 3, 3, 3, 3, 3, 3, 3, 3, 3, 3]
----------------------------------------
Graph #394:
  - Vertices: 14, Edges: 21
  - Degree List: [3, 3, 3, 3, 3, 3, 3, 3, 3, 3, 3, 3, 3, 3]
----------------------------------------
Graph #395:
  - Vertices: 14, Edges: 21
  - Degree List: [3, 3, 3, 3, 3, 3, 3, 3, 3, 3, 3, 3, 3, 3]
----------------------------------------
Graph #396:
  - Vertices: 14, Edges: 21
  - Degree List: [3, 3, 3, 3, 3, 3, 3, 3, 3, 3, 3, 3, 3, 3]
----------------------------------------
Graph #397:
  - Vertices: 14, Edges: 21
  - Degree List: [3, 3, 3, 3, 3, 3, 3, 3, 3, 3, 3, 3, 3, 3]
----------------------------------------
Graph #398:
  - Vertices: 14, Edges: 21
  - Degree List: [3, 3, 3, 3, 3, 3, 3, 3, 3, 3, 3, 3, 3, 3]
----------------------------------------
Graph #399:
  - Vertices: 14, Edges: 21
  - Degree List: [3, 3, 3, 3, 3, 3, 3, 3, 3, 3, 3, 3, 3, 3]
----------------------------------------
Graph #400:
  - Vertices: 14, Edges: 21
  - Degree List: [3, 3, 3, 3, 3, 3, 3, 3, 3, 3, 3, 3, 3, 3]
----------------------------------------
Graph #401:
  - Vertices: 14, Edges: 21
  - Degree List: [3, 3, 3, 3, 3, 3, 3, 3, 3, 3, 3, 3, 3, 3]
----------------------------------------
Graph #402:
  - Vertices: 14, Edges: 21
  - Degree List: [3, 3, 3, 3, 3, 3, 3, 3, 3, 3, 3, 3, 3, 3]
----------------------------------------
Graph #403:
  - Vertices: 14, Edges: 21
  - Degree List: [3, 3, 3, 3, 3, 3, 3, 3, 3, 3, 3, 3, 3, 3]
----------------------------------------
Graph #404:
  - Vertices: 14, Edges: 21
  - Degree List: [3, 3, 3, 3, 3, 3, 3, 3, 3, 3, 3, 3, 3, 3]
----------------------------------------
Graph #405:
  - Vertices: 14, Edges: 21
  - Degree List: [3, 3, 3, 3, 3, 3, 3, 3, 3, 3, 3, 3, 3, 3]
----------------------------------------
Graph #406:
  - Vertices: 14, Edges: 21
  - Degree List: [3, 3, 3, 3, 3, 3, 3, 3, 3, 3, 3, 3, 3, 3]
----------------------------------------
Graph #407:
  - Vertices: 14, Edges: 21
  - Degree List: [3, 3, 3, 3, 3, 3, 3, 3, 3, 3, 3, 3, 3, 3]
----------------------------------------
Graph #408:
  - Vertices: 14, Edges: 21
  - Degree List: [3, 3, 3, 3, 3, 3, 3, 3, 3, 3, 3, 3, 3, 3]
----------------------------------------
Graph #409:
  - Vertices: 14, Edges: 21
  - Degree List: [3, 3, 3, 3, 3, 3, 3, 3, 3, 3, 3, 3, 3, 3]
----------------------------------------
Graph #410:
  - Vertices: 14, Edges: 21
  - Degree List: [3, 3, 3, 3, 3, 3, 3, 3, 3, 3, 3, 3, 3, 3]
----------------------------------------
Graph #411:
  - Vertices: 14, Edges: 21
  - Degree List: [3, 3, 3, 3, 3, 3, 3, 3, 3, 3, 3, 3, 3, 3]
----------------------------------------
Graph #412:
  - Vertices: 14, Edges: 21
  - Degree List: [3, 3, 3, 3, 3, 3, 3, 3, 3, 3, 3, 3, 3, 3]
----------------------------------------
Graph #413:
  - Vertices: 14, Edges: 21
  - Degree List: [3, 3, 3, 3, 3, 3, 3, 3, 3, 3, 3, 3, 3, 3]
----------------------------------------
Graph #414:
  - Vertices: 14, Edges: 21
  - Degree List: [3, 3, 3, 3, 3, 3, 3, 3, 3, 3, 3, 3, 3, 3]
----------------------------------------
Graph #415:
  - Vertices: 14, Edges: 21
  - Degree List: [3, 3, 3, 3, 3, 3, 3, 3, 3, 3, 3, 3, 3, 3]
----------------------------------------
Graph #416:
  - Vertices: 14, Edges: 21
  - Degree List: [3, 3, 3, 3, 3, 3, 3, 3, 3, 3, 3, 3, 3, 3]
----------------------------------------
Graph #417:
  - Vertices: 14, Edges: 21
  - Degree List: [3, 3, 3, 3, 3, 3, 3, 3, 3, 3, 3, 3, 3, 3]
----------------------------------------
Graph #418:
  - Vertices: 14, Edges: 21
  - Degree List: [3, 3, 3, 3, 3, 3, 3, 3, 3, 3, 3, 3, 3, 3]
----------------------------------------
Graph #419:
  - Vertices: 14, Edges: 21
  - Degree List: [3, 3, 3, 3, 3, 3, 3, 3, 3, 3, 3, 3, 3, 3]
----------------------------------------
Graph #420:
  - Vertices: 14, Edges: 21
  - Degree List: [3, 3, 3, 3, 3, 3, 3, 3, 3, 3, 3, 3, 3, 3]
----------------------------------------
Graph #421:
  - Vertices: 14, Edges: 21
  - Degree List: [3, 3, 3, 3, 3, 3, 3, 3, 3, 3, 3, 3, 3, 3]
----------------------------------------
Graph #422:
  - Vertices: 14, Edges: 21
  - Degree List: [3, 3, 3, 3, 3, 3, 3, 3, 3, 3, 3, 3, 3, 3]
----------------------------------------
Graph #423:
  - Vertices: 14, Edges: 21
  - Degree List: [3, 3, 3, 3, 3, 3, 3, 3, 3, 3, 3, 3, 3, 3]
----------------------------------------
Graph #424:
  - Vertices: 14, Edges: 21
  - Degree List: [3, 3, 3, 3, 3, 3, 3, 3, 3, 3, 3, 3, 3, 3]
----------------------------------------
Graph #425:
  - Vertices: 14, Edges: 21
  - Degree List: [3, 3, 3, 3, 3, 3, 3, 3, 3, 3, 3, 3, 3, 3]
----------------------------------------
Graph #426:
  - Vertices: 14, Edges: 21
  - Degree List: [3, 3, 3, 3, 3, 3, 3, 3, 3, 3, 3, 3, 3, 3]
----------------------------------------
Graph #427:
  - Vertices: 14, Edges: 21
  - Degree List: [3, 3, 3, 3, 3, 3, 3, 3, 3, 3, 3, 3, 3, 3]
----------------------------------------
Graph #428:
  - Vertices: 14, Edges: 21
  - Degree List: [3, 3, 3, 3, 3, 3, 3, 3, 3, 3, 3, 3, 3, 3]
----------------------------------------
Graph #429:
  - Vertices: 14, Edges: 21
  - Degree List: [3, 3, 3, 3, 3, 3, 3, 3, 3, 3, 3, 3, 3, 3]
----------------------------------------
Graph #430:
  - Vertices: 14, Edges: 21
  - Degree List: [3, 3, 3, 3, 3, 3, 3, 3, 3, 3, 3, 3, 3, 3]
----------------------------------------
Graph #431:
  - Vertices: 14, Edges: 21
  - Degree List: [3, 3, 3, 3, 3, 3, 3, 3, 3, 3, 3, 3, 3, 3]
----------------------------------------
Graph #432:
  - Vertices: 14, Edges: 21
  - Degree List: [3, 3, 3, 3, 3, 3, 3, 3, 3, 3, 3, 3, 3, 3]
----------------------------------------
Graph #433:
  - Vertices: 14, Edges: 21
  - Degree List: [3, 3, 3, 3, 3, 3, 3, 3, 3, 3, 3, 3, 3, 3]
----------------------------------------
Graph #434:
  - Vertices: 14, Edges: 21
  - Degree List: [3, 3, 3, 3, 3, 3, 3, 3, 3, 3, 3, 3, 3, 3]
----------------------------------------
Graph #435:
  - Vertices: 14, Edges: 21
  - Degree List: [3, 3, 3, 3, 3, 3, 3, 3, 3, 3, 3, 3, 3, 3]
----------------------------------------
Graph #436:
  - Vertices: 14, Edges: 21
  - Degree List: [3, 3, 3, 3, 3, 3, 3, 3, 3, 3, 3, 3, 3, 3]
----------------------------------------
Graph #437:
  - Vertices: 14, Edges: 21
  - Degree List: [3, 3, 3, 3, 3, 3, 3, 3, 3, 3, 3, 3, 3, 3]
----------------------------------------
Graph #438:
  - Vertices: 14, Edges: 21
  - Degree List: [3, 3, 3, 3, 3, 3, 3, 3, 3, 3, 3, 3, 3, 3]
----------------------------------------
Graph #439:
  - Vertices: 14, Edges: 21
  - Degree List: [3, 3, 3, 3, 3, 3, 3, 3, 3, 3, 3, 3, 3, 3]
----------------------------------------
Graph #440:
  - Vertices: 14, Edges: 21
  - Degree List: [3, 3, 3, 3, 3, 3, 3, 3, 3, 3, 3, 3, 3, 3]
----------------------------------------
Graph #441:
  - Vertices: 14, Edges: 21
  - Degree List: [3, 3, 3, 3, 3, 3, 3, 3, 3, 3, 3, 3, 3, 3]
----------------------------------------
Graph #442:
  - Vertices: 14, Edges: 21
  - Degree List: [3, 3, 3, 3, 3, 3, 3, 3, 3, 3, 3, 3, 3, 3]
----------------------------------------
Graph #443:
  - Vertices: 14, Edges: 21
  - Degree List: [3, 3, 3, 3, 3, 3, 3, 3, 3, 3, 3, 3, 3, 3]
----------------------------------------
Graph #444:
  - Vertices: 14, Edges: 21
  - Degree List: [3, 3, 3, 3, 3, 3, 3, 3, 3, 3, 3, 3, 3, 3]
----------------------------------------
Graph #445:
  - Vertices: 14, Edges: 21
  - Degree List: [3, 3, 3, 3, 3, 3, 3, 3, 3, 3, 3, 3, 3, 3]
----------------------------------------
Graph #446:
  - Vertices: 14, Edges: 21
  - Degree List: [3, 3, 3, 3, 3, 3, 3, 3, 3, 3, 3, 3, 3, 3]
----------------------------------------
Graph #447:
  - Vertices: 14, Edges: 21
  - Degree List: [3, 3, 3, 3, 3, 3, 3, 3, 3, 3, 3, 3, 3, 3]
----------------------------------------
Graph #448:
  - Vertices: 14, Edges: 21
  - Degree List: [3, 3, 3, 3, 3, 3, 3, 3, 3, 3, 3, 3, 3, 3]
----------------------------------------
Graph #449:
  - Vertices: 14, Edges: 21
  - Degree List: [3, 3, 3, 3, 3, 3, 3, 3, 3, 3, 3, 3, 3, 3]
----------------------------------------
Graph #450:
  - Vertices: 14, Edges: 21
  - Degree List: [3, 3, 3, 3, 3, 3, 3, 3, 3, 3, 3, 3, 3, 3]
----------------------------------------
Graph #451:
  - Vertices: 14, Edges: 21
  - Degree List: [3, 3, 3, 3, 3, 3, 3, 3, 3, 3, 3, 3, 3, 3]
----------------------------------------
Graph #452:
  - Vertices: 14, Edges: 21
  - Degree List: [3, 3, 3, 3, 3, 3, 3, 3, 3, 3, 3, 3, 3, 3]
----------------------------------------
Graph #453:
  - Vertices: 14, Edges: 21
  - Degree List: [3, 3, 3, 3, 3, 3, 3, 3, 3, 3, 3, 3, 3, 3]
----------------------------------------
Graph #454:
  - Vertices: 14, Edges: 21
  - Degree List: [3, 3, 3, 3, 3, 3, 3, 3, 3, 3, 3, 3, 3, 3]
----------------------------------------
Graph #455:
  - Vertices: 14, Edges: 21
  - Degree List: [3, 3, 3, 3, 3, 3, 3, 3, 3, 3, 3, 3, 3, 3]
----------------------------------------
Graph #456:
  - Vertices: 14, Edges: 21
  - Degree List: [3, 3, 3, 3, 3, 3, 3, 3, 3, 3, 3, 3, 3, 3]
----------------------------------------
Graph #457:
  - Vertices: 14, Edges: 21
  - Degree List: [3, 3, 3, 3, 3, 3, 3, 3, 3, 3, 3, 3, 3, 3]
----------------------------------------
Graph #458:
  - Vertices: 14, Edges: 21
  - Degree List: [3, 3, 3, 3, 3, 3, 3, 3, 3, 3, 3, 3, 3, 3]
----------------------------------------
Graph #459:
  - Vertices: 14, Edges: 21
  - Degree List: [3, 3, 3, 3, 3, 3, 3, 3, 3, 3, 3, 3, 3, 3]
----------------------------------------
Graph #460:
  - Vertices: 14, Edges: 21
  - Degree List: [3, 3, 3, 3, 3, 3, 3, 3, 3, 3, 3, 3, 3, 3]
----------------------------------------
Graph #461:
  - Vertices: 14, Edges: 21
  - Degree List: [3, 3, 3, 3, 3, 3, 3, 3, 3, 3, 3, 3, 3, 3]
----------------------------------------
Graph #462:
  - Vertices: 14, Edges: 21
  - Degree List: [3, 3, 3, 3, 3, 3, 3, 3, 3, 3, 3, 3, 3, 3]
----------------------------------------
Graph #463:
  - Vertices: 14, Edges: 21
  - Degree List: [3, 3, 3, 3, 3, 3, 3, 3, 3, 3, 3, 3, 3, 3]
----------------------------------------
Graph #464:
  - Vertices: 14, Edges: 21
  - Degree List: [3, 3, 3, 3, 3, 3, 3, 3, 3, 3, 3, 3, 3, 3]
----------------------------------------
Graph #465:
  - Vertices: 14, Edges: 21
  - Degree List: [3, 3, 3, 3, 3, 3, 3, 3, 3, 3, 3, 3, 3, 3]
----------------------------------------
Graph #466:
  - Vertices: 14, Edges: 21
  - Degree List: [3, 3, 3, 3, 3, 3, 3, 3, 3, 3, 3, 3, 3, 3]
----------------------------------------
Graph #467:
  - Vertices: 14, Edges: 21
  - Degree List: [3, 3, 3, 3, 3, 3, 3, 3, 3, 3, 3, 3, 3, 3]
----------------------------------------
Graph #468:
  - Vertices: 14, Edges: 21
  - Degree List: [3, 3, 3, 3, 3, 3, 3, 3, 3, 3, 3, 3, 3, 3]
----------------------------------------
Graph #469:
  - Vertices: 14, Edges: 21
  - Degree List: [3, 3, 3, 3, 3, 3, 3, 3, 3, 3, 3, 3, 3, 3]
----------------------------------------
Graph #470:
  - Vertices: 14, Edges: 21
  - Degree List: [3, 3, 3, 3, 3, 3, 3, 3, 3, 3, 3, 3, 3, 3]
----------------------------------------
Graph #471:
  - Vertices: 14, Edges: 21
  - Degree List: [3, 3, 3, 3, 3, 3, 3, 3, 3, 3, 3, 3, 3, 3]
----------------------------------------
Graph #472:
  - Vertices: 14, Edges: 21
  - Degree List: [3, 3, 3, 3, 3, 3, 3, 3, 3, 3, 3, 3, 3, 3]
----------------------------------------
Graph #473:
  - Vertices: 14, Edges: 21
  - Degree List: [3, 3, 3, 3, 3, 3, 3, 3, 3, 3, 3, 3, 3, 3]
----------------------------------------
Graph #474:
  - Vertices: 14, Edges: 21
  - Degree List: [3, 3, 3, 3, 3, 3, 3, 3, 3, 3, 3, 3, 3, 3]
----------------------------------------
Graph #475:
  - Vertices: 14, Edges: 21
  - Degree List: [3, 3, 3, 3, 3, 3, 3, 3, 3, 3, 3, 3, 3, 3]
----------------------------------------
Graph #476:
  - Vertices: 14, Edges: 21
  - Degree List: [3, 3, 3, 3, 3, 3, 3, 3, 3, 3, 3, 3, 3, 3]
----------------------------------------
Graph #477:
  - Vertices: 14, Edges: 21
  - Degree List: [3, 3, 3, 3, 3, 3, 3, 3, 3, 3, 3, 3, 3, 3]
----------------------------------------
Graph #478:
  - Vertices: 14, Edges: 21
  - Degree List: [3, 3, 3, 3, 3, 3, 3, 3, 3, 3, 3, 3, 3, 3]
----------------------------------------
Graph #479:
  - Vertices: 14, Edges: 21
  - Degree List: [3, 3, 3, 3, 3, 3, 3, 3, 3, 3, 3, 3, 3, 3]
----------------------------------------
Graph #480:
  - Vertices: 14, Edges: 21
  - Degree List: [3, 3, 3, 3, 3, 3, 3, 3, 3, 3, 3, 3, 3, 3]
----------------------------------------
Graph #481:
  - Vertices: 14, Edges: 21
  - Degree List: [3, 3, 3, 3, 3, 3, 3, 3, 3, 3, 3, 3, 3, 3]
----------------------------------------
Graph #482:
  - Vertices: 14, Edges: 21
  - Degree List: [3, 3, 3, 3, 3, 3, 3, 3, 3, 3, 3, 3, 3, 3]
----------------------------------------
Graph #483:
  - Vertices: 14, Edges: 21
  - Degree List: [3, 3, 3, 3, 3, 3, 3, 3, 3, 3, 3, 3, 3, 3]
----------------------------------------
Graph #484:
  - Vertices: 14, Edges: 21
  - Degree List: [3, 3, 3, 3, 3, 3, 3, 3, 3, 3, 3, 3, 3, 3]
----------------------------------------
Graph #485:
  - Vertices: 14, Edges: 21
  - Degree List: [3, 3, 3, 3, 3, 3, 3, 3, 3, 3, 3, 3, 3, 3]
----------------------------------------
Graph #486:
  - Vertices: 14, Edges: 21
  - Degree List: [3, 3, 3, 3, 3, 3, 3, 3, 3, 3, 3, 3, 3, 3]
----------------------------------------
Graph #487:
  - Vertices: 14, Edges: 21
  - Degree List: [3, 3, 3, 3, 3, 3, 3, 3, 3, 3, 3, 3, 3, 3]
----------------------------------------
Graph #488:
  - Vertices: 14, Edges: 21
  - Degree List: [3, 3, 3, 3, 3, 3, 3, 3, 3, 3, 3, 3, 3, 3]
----------------------------------------
Graph #489:
  - Vertices: 14, Edges: 21
  - Degree List: [3, 3, 3, 3, 3, 3, 3, 3, 3, 3, 3, 3, 3, 3]
----------------------------------------
Graph #490:
  - Vertices: 14, Edges: 21
  - Degree List: [3, 3, 3, 3, 3, 3, 3, 3, 3, 3, 3, 3, 3, 3]
----------------------------------------
Graph #491:
  - Vertices: 14, Edges: 21
  - Degree List: [3, 3, 3, 3, 3, 3, 3, 3, 3, 3, 3, 3, 3, 3]
----------------------------------------
Graph #492:
  - Vertices: 14, Edges: 21
  - Degree List: [3, 3, 3, 3, 3, 3, 3, 3, 3, 3, 3, 3, 3, 3]
----------------------------------------
Graph #493:
  - Vertices: 14, Edges: 21
  - Degree List: [3, 3, 3, 3, 3, 3, 3, 3, 3, 3, 3, 3, 3, 3]
----------------------------------------
Graph #494:
  - Vertices: 14, Edges: 21
  - Degree List: [3, 3, 3, 3, 3, 3, 3, 3, 3, 3, 3, 3, 3, 3]
----------------------------------------
Graph #495:
  - Vertices: 14, Edges: 21
  - Degree List: [3, 3, 3, 3, 3, 3, 3, 3, 3, 3, 3, 3, 3, 3]
----------------------------------------
Graph #496:
  - Vertices: 14, Edges: 21
  - Degree List: [3, 3, 3, 3, 3, 3, 3, 3, 3, 3, 3, 3, 3, 3]
----------------------------------------
Graph #497:
  - Vertices: 14, Edges: 21
  - Degree List: [3, 3, 3, 3, 3, 3, 3, 3, 3, 3, 3, 3, 3, 3]
----------------------------------------
Graph #498:
  - Vertices: 14, Edges: 21
  - Degree List: [3, 3, 3, 3, 3, 3, 3, 3, 3, 3, 3, 3, 3, 3]
----------------------------------------
Graph #499:
  - Vertices: 14, Edges: 21
  - Degree List: [3, 3, 3, 3, 3, 3, 3, 3, 3, 3, 3, 3, 3, 3]
----------------------------------------
Graph #500:
  - Vertices: 14, Edges: 21
  - Degree List: [3, 3, 3, 3, 3, 3, 3, 3, 3, 3, 3, 3, 3, 3]
----------------------------------------
Graph #501:
  - Vertices: 14, Edges: 21
  - Degree List: [3, 3, 3, 3, 3, 3, 3, 3, 3, 3, 3, 3, 3, 3]
----------------------------------------
Graph #502:
  - Vertices: 14, Edges: 21
  - Degree List: [3, 3, 3, 3, 3, 3, 3, 3, 3, 3, 3, 3, 3, 3]
----------------------------------------
Graph #503:
  - Vertices: 14, Edges: 21
  - Degree List: [3, 3, 3, 3, 3, 3, 3, 3, 3, 3, 3, 3, 3, 3]
----------------------------------------
Graph #504:
  - Vertices: 14, Edges: 21
  - Degree List: [3, 3, 3, 3, 3, 3, 3, 3, 3, 3, 3, 3, 3, 3]
----------------------------------------
Graph #505:
  - Vertices: 14, Edges: 21
  - Degree List: [3, 3, 3, 3, 3, 3, 3, 3, 3, 3, 3, 3, 3, 3]
----------------------------------------
Graph #506:
  - Vertices: 14, Edges: 21
  - Degree List: [3, 3, 3, 3, 3, 3, 3, 3, 3, 3, 3, 3, 3, 3]
----------------------------------------
Graph #507:
  - Vertices: 14, Edges: 21
  - Degree List: [3, 3, 3, 3, 3, 3, 3, 3, 3, 3, 3, 3, 3, 3]
----------------------------------------
Graph #508:
  - Vertices: 14, Edges: 21
  - Degree List: [3, 3, 3, 3, 3, 3, 3, 3, 3, 3, 3, 3, 3, 3]
----------------------------------------
Graph #509:
  - Vertices: 14, Edges: 21
  - Degree List: [3, 3, 3, 3, 3, 3, 3, 3, 3, 3, 3, 3, 3, 3]
----------------------------------------
